2025-09-28 16:16:16,625 - INFO - Connected to DuckDB for yellow taxi + CSV
2025-09-28 16:16:34,628 - INFO - Created yellow_taxi_data table
2025-09-28 16:16:34,629 - INFO - Loading https://d37ci6vzurychx.cloudfront.net/trip-data/yellow_tripdata_2015-01.parquet
2025-09-28 16:17:16,572 - INFO - Loading https://d37ci6vzurychx.cloudfront.net/trip-data/yellow_tripdata_2015-02.parquet
2025-09-28 16:17:59,597 - INFO - Loading https://d37ci6vzurychx.cloudfront.net/trip-data/yellow_tripdata_2015-03.parquet
2025-09-28 16:18:41,448 - INFO - Loading https://d37ci6vzurychx.cloudfront.net/trip-data/yellow_tripdata_2015-04.parquet
2025-09-28 16:19:23,086 - INFO - Loading https://d37ci6vzurychx.cloudfront.net/trip-data/yellow_tripdata_2015-05.parquet
2025-09-28 16:20:05,103 - INFO - Loading https://d37ci6vzurychx.cloudfront.net/trip-data/yellow_tripdata_2015-06.parquet
2025-09-28 16:20:46,580 - INFO - Loading https://d37ci6vzurychx.cloudfront.net/trip-data/yellow_tripdata_2015-07.parquet
2025-09-28 16:21:27,956 - INFO - Loading https://d37ci6vzurychx.cloudfront.net/trip-data/yellow_tripdata_2015-08.parquet
2025-09-28 16:22:07,259 - INFO - Loading https://d37ci6vzurychx.cloudfront.net/trip-data/yellow_tripdata_2015-09.parquet
2025-09-28 16:22:46,790 - INFO - Loading https://d37ci6vzurychx.cloudfront.net/trip-data/yellow_tripdata_2015-10.parquet
2025-09-28 16:23:27,200 - INFO - Loading https://d37ci6vzurychx.cloudfront.net/trip-data/yellow_tripdata_2015-11.parquet
2025-09-28 16:24:07,600 - INFO - Loading https://d37ci6vzurychx.cloudfront.net/trip-data/yellow_tripdata_2015-12.parquet
2025-09-28 16:24:48,231 - INFO - Loading https://d37ci6vzurychx.cloudfront.net/trip-data/yellow_tripdata_2016-01.parquet
2025-09-28 16:25:28,045 - INFO - Loading https://d37ci6vzurychx.cloudfront.net/trip-data/yellow_tripdata_2016-02.parquet
2025-09-28 16:26:07,468 - INFO - Loading https://d37ci6vzurychx.cloudfront.net/trip-data/yellow_tripdata_2016-03.parquet
2025-09-28 16:26:48,951 - INFO - Loading https://d37ci6vzurychx.cloudfront.net/trip-data/yellow_tripdata_2016-04.parquet
2025-09-28 16:27:30,504 - INFO - Loading https://d37ci6vzurychx.cloudfront.net/trip-data/yellow_tripdata_2016-05.parquet
2025-09-28 16:28:10,720 - INFO - Loading https://d37ci6vzurychx.cloudfront.net/trip-data/yellow_tripdata_2016-06.parquet
2025-09-28 16:28:50,632 - INFO - Loading https://d37ci6vzurychx.cloudfront.net/trip-data/yellow_tripdata_2016-07.parquet
2025-09-28 16:29:30,430 - INFO - Loading https://d37ci6vzurychx.cloudfront.net/trip-data/yellow_tripdata_2016-08.parquet
2025-09-28 16:30:07,974 - INFO - Loading https://d37ci6vzurychx.cloudfront.net/trip-data/yellow_tripdata_2016-09.parquet
2025-09-28 16:30:47,539 - INFO - Loading https://d37ci6vzurychx.cloudfront.net/trip-data/yellow_tripdata_2016-10.parquet
2025-09-28 16:31:25,880 - INFO - Loading https://d37ci6vzurychx.cloudfront.net/trip-data/yellow_tripdata_2016-11.parquet
2025-09-28 16:32:05,653 - INFO - Loading https://d37ci6vzurychx.cloudfront.net/trip-data/yellow_tripdata_2016-12.parquet
2025-09-28 16:32:49,325 - INFO - Loading https://d37ci6vzurychx.cloudfront.net/trip-data/yellow_tripdata_2017-01.parquet
2025-09-28 16:33:29,074 - INFO - Loading https://d37ci6vzurychx.cloudfront.net/trip-data/yellow_tripdata_2017-02.parquet
2025-09-28 16:34:06,503 - INFO - Loading https://d37ci6vzurychx.cloudfront.net/trip-data/yellow_tripdata_2017-03.parquet
2025-09-28 16:34:47,812 - INFO - Loading https://d37ci6vzurychx.cloudfront.net/trip-data/yellow_tripdata_2017-04.parquet
2025-09-28 16:35:28,769 - INFO - Loading https://d37ci6vzurychx.cloudfront.net/trip-data/yellow_tripdata_2017-05.parquet
2025-09-28 16:36:06,722 - INFO - Loading https://d37ci6vzurychx.cloudfront.net/trip-data/yellow_tripdata_2017-06.parquet
2025-09-28 17:15:26,890 - INFO - Connected to DuckDB for yellow taxi + CSV
2025-09-28 17:15:27,573 - INFO - Created yellow_taxi_data table
2025-09-28 17:15:27,573 - INFO - Loading https://d37ci6vzurychx.cloudfront.net/trip-data/yellow_tripdata_2015-01.parquet
2025-09-28 17:16:03,719 - INFO - Loading https://d37ci6vzurychx.cloudfront.net/trip-data/yellow_tripdata_2015-02.parquet
2025-09-28 17:16:36,877 - INFO - Loading https://d37ci6vzurychx.cloudfront.net/trip-data/yellow_tripdata_2015-03.parquet
2025-09-28 17:17:11,744 - INFO - Loading https://d37ci6vzurychx.cloudfront.net/trip-data/yellow_tripdata_2015-04.parquet
2025-09-28 17:17:48,124 - INFO - Loading https://d37ci6vzurychx.cloudfront.net/trip-data/yellow_tripdata_2015-05.parquet
2025-09-28 17:18:28,128 - INFO - Loading https://d37ci6vzurychx.cloudfront.net/trip-data/yellow_tripdata_2015-06.parquet
2025-09-28 17:19:03,409 - INFO - Loading https://d37ci6vzurychx.cloudfront.net/trip-data/yellow_tripdata_2015-07.parquet
2025-09-28 17:19:43,094 - INFO - Loading https://d37ci6vzurychx.cloudfront.net/trip-data/yellow_tripdata_2015-08.parquet
2025-09-28 17:20:17,391 - INFO - Loading https://d37ci6vzurychx.cloudfront.net/trip-data/yellow_tripdata_2015-09.parquet
2025-09-28 17:20:53,840 - INFO - Loading https://d37ci6vzurychx.cloudfront.net/trip-data/yellow_tripdata_2015-10.parquet
2025-09-28 17:21:30,302 - INFO - Loading https://d37ci6vzurychx.cloudfront.net/trip-data/yellow_tripdata_2015-11.parquet
2025-09-28 17:22:06,002 - INFO - Loading https://d37ci6vzurychx.cloudfront.net/trip-data/yellow_tripdata_2015-12.parquet
2025-09-28 17:22:41,743 - INFO - Loading https://d37ci6vzurychx.cloudfront.net/trip-data/yellow_tripdata_2016-01.parquet
2025-09-28 17:23:15,693 - INFO - Loading https://d37ci6vzurychx.cloudfront.net/trip-data/yellow_tripdata_2016-02.parquet
2025-09-28 17:23:51,088 - INFO - Loading https://d37ci6vzurychx.cloudfront.net/trip-data/yellow_tripdata_2016-03.parquet
2025-09-28 17:24:30,709 - INFO - Loading https://d37ci6vzurychx.cloudfront.net/trip-data/yellow_tripdata_2016-04.parquet
2025-09-28 17:25:10,812 - INFO - Loading https://d37ci6vzurychx.cloudfront.net/trip-data/yellow_tripdata_2016-05.parquet
2025-09-28 17:25:48,695 - INFO - Loading https://d37ci6vzurychx.cloudfront.net/trip-data/yellow_tripdata_2016-06.parquet
2025-09-28 17:26:25,190 - INFO - Loading https://d37ci6vzurychx.cloudfront.net/trip-data/yellow_tripdata_2016-07.parquet
2025-09-28 17:27:01,948 - INFO - Loading https://d37ci6vzurychx.cloudfront.net/trip-data/yellow_tripdata_2016-08.parquet
2025-09-28 17:27:36,373 - INFO - Loading https://d37ci6vzurychx.cloudfront.net/trip-data/yellow_tripdata_2016-09.parquet
2025-09-28 17:28:11,470 - INFO - Loading https://d37ci6vzurychx.cloudfront.net/trip-data/yellow_tripdata_2016-10.parquet
2025-09-28 17:28:48,830 - INFO - Loading https://d37ci6vzurychx.cloudfront.net/trip-data/yellow_tripdata_2016-11.parquet
2025-09-28 17:29:23,845 - INFO - Loading https://d37ci6vzurychx.cloudfront.net/trip-data/yellow_tripdata_2016-12.parquet
2025-09-28 17:30:00,240 - INFO - Loading https://d37ci6vzurychx.cloudfront.net/trip-data/yellow_tripdata_2017-01.parquet
2025-09-28 17:30:36,105 - INFO - Loading https://d37ci6vzurychx.cloudfront.net/trip-data/yellow_tripdata_2017-02.parquet
2025-09-28 17:31:10,826 - INFO - Loading https://d37ci6vzurychx.cloudfront.net/trip-data/yellow_tripdata_2017-03.parquet
2025-09-28 17:31:45,753 - INFO - Loading https://d37ci6vzurychx.cloudfront.net/trip-data/yellow_tripdata_2017-04.parquet
2025-09-28 17:32:20,610 - INFO - Loading https://d37ci6vzurychx.cloudfront.net/trip-data/yellow_tripdata_2017-05.parquet
2025-09-28 17:32:54,072 - INFO - Loading https://d37ci6vzurychx.cloudfront.net/trip-data/yellow_tripdata_2017-06.parquet
2025-09-28 17:44:09,646 - INFO - Connected to DuckDB for yellow taxi + CSV
2025-09-28 17:44:09,646 - INFO - Materializing all yellow taxi data into one Parquet file...
2025-09-28 17:44:10,785 - ERROR - Error: HTTP Error: HTTP GET error on 'https://d37ci6vzurychx.cloudfront.net/trip-data/yellow_tripdata_*.parquet' (HTTP 403)
2025-09-28 17:44:10,792 - INFO - Closed DuckDB connection
2025-09-28 17:46:42,576 - INFO - Connected to DuckDB for yellow taxi + CSV
2025-09-28 17:46:42,577 - INFO - Materializing all yellow taxi data into one Parquet file...
2025-09-28 17:46:46,152 - ERROR - Error: HTTP Error: HTTP GET error on 'https://d37ci6vzurychx.cloudfront.net/trip-data/yellow_tripdata_*.parquet' (HTTP 403)
2025-09-28 17:46:46,162 - INFO - Closed DuckDB connection
2025-09-28 17:46:53,227 - INFO - Connected to DuckDB for yellow taxi + CSV
2025-09-28 17:46:53,739 - INFO - Created yellow_taxi_data table
2025-09-28 17:46:53,739 - INFO - Loading https://d37ci6vzurychx.cloudfront.net/trip-data/yellow_tripdata_2015-01.parquet
2025-09-28 17:47:19,319 - INFO - Loading https://d37ci6vzurychx.cloudfront.net/trip-data/yellow_tripdata_2015-02.parquet
2025-09-28 17:47:44,723 - INFO - Loading https://d37ci6vzurychx.cloudfront.net/trip-data/yellow_tripdata_2015-03.parquet
2025-09-28 17:48:11,626 - INFO - Loading https://d37ci6vzurychx.cloudfront.net/trip-data/yellow_tripdata_2015-04.parquet
2025-09-28 17:48:37,918 - INFO - Loading https://d37ci6vzurychx.cloudfront.net/trip-data/yellow_tripdata_2015-05.parquet
2025-09-28 17:49:04,100 - INFO - Loading https://d37ci6vzurychx.cloudfront.net/trip-data/yellow_tripdata_2015-06.parquet
2025-09-28 17:49:29,711 - INFO - Loading https://d37ci6vzurychx.cloudfront.net/trip-data/yellow_tripdata_2015-07.parquet
2025-09-28 17:49:55,573 - INFO - Loading https://d37ci6vzurychx.cloudfront.net/trip-data/yellow_tripdata_2015-08.parquet
2025-09-28 17:50:18,763 - INFO - Loading https://d37ci6vzurychx.cloudfront.net/trip-data/yellow_tripdata_2015-09.parquet
2025-09-28 17:50:42,855 - INFO - Loading https://d37ci6vzurychx.cloudfront.net/trip-data/yellow_tripdata_2015-10.parquet
2025-09-28 17:51:08,293 - INFO - Loading https://d37ci6vzurychx.cloudfront.net/trip-data/yellow_tripdata_2015-11.parquet
2025-09-28 17:51:32,032 - INFO - Loading https://d37ci6vzurychx.cloudfront.net/trip-data/yellow_tripdata_2015-12.parquet
2025-09-28 17:51:57,957 - INFO - Loading https://d37ci6vzurychx.cloudfront.net/trip-data/yellow_tripdata_2016-01.parquet
2025-09-28 17:52:21,341 - INFO - Loading https://d37ci6vzurychx.cloudfront.net/trip-data/yellow_tripdata_2016-02.parquet
2025-09-28 17:52:50,850 - INFO - Loading https://d37ci6vzurychx.cloudfront.net/trip-data/yellow_tripdata_2016-03.parquet
2025-09-28 17:53:19,661 - INFO - Loading https://d37ci6vzurychx.cloudfront.net/trip-data/yellow_tripdata_2016-04.parquet
2025-09-28 17:53:44,998 - INFO - Loading https://d37ci6vzurychx.cloudfront.net/trip-data/yellow_tripdata_2016-05.parquet
2025-09-28 17:54:09,424 - INFO - Loading https://d37ci6vzurychx.cloudfront.net/trip-data/yellow_tripdata_2016-06.parquet
2025-09-28 17:54:35,252 - INFO - Loading https://d37ci6vzurychx.cloudfront.net/trip-data/yellow_tripdata_2016-07.parquet
2025-09-28 17:54:58,617 - INFO - Loading https://d37ci6vzurychx.cloudfront.net/trip-data/yellow_tripdata_2016-08.parquet
2025-09-28 17:55:21,338 - INFO - Loading https://d37ci6vzurychx.cloudfront.net/trip-data/yellow_tripdata_2016-09.parquet
2025-09-28 17:55:44,494 - INFO - Loading https://d37ci6vzurychx.cloudfront.net/trip-data/yellow_tripdata_2016-10.parquet
2025-09-28 17:56:11,561 - INFO - Loading https://d37ci6vzurychx.cloudfront.net/trip-data/yellow_tripdata_2016-11.parquet
2025-09-28 17:56:42,790 - INFO - Loading https://d37ci6vzurychx.cloudfront.net/trip-data/yellow_tripdata_2016-12.parquet
2025-09-28 17:57:18,480 - INFO - Loading https://d37ci6vzurychx.cloudfront.net/trip-data/yellow_tripdata_2017-01.parquet
2025-09-28 17:57:45,247 - INFO - Loading https://d37ci6vzurychx.cloudfront.net/trip-data/yellow_tripdata_2017-02.parquet
2025-09-28 17:58:07,702 - INFO - Loading https://d37ci6vzurychx.cloudfront.net/trip-data/yellow_tripdata_2017-03.parquet
2025-09-28 17:58:32,087 - INFO - Loading https://d37ci6vzurychx.cloudfront.net/trip-data/yellow_tripdata_2017-04.parquet
2025-09-28 17:58:56,559 - INFO - Loading https://d37ci6vzurychx.cloudfront.net/trip-data/yellow_tripdata_2017-05.parquet
2025-09-28 18:06:45,259 - INFO - Connected to DuckDB for yellow taxi + CSV
2025-09-28 18:07:01,388 - INFO - Created yellow_taxi_data table
2025-09-28 18:07:01,389 - INFO - Loading https://d37ci6vzurychx.cloudfront.net/trip-data/yellow_tripdata_2015-01.parquet
2025-09-28 18:09:12,662 - INFO - Closed DuckDB connection
2025-09-28 18:09:33,405 - INFO - Connected to DuckDB for yellow taxi + CSV
2025-09-28 18:09:40,364 - INFO - Created yellow_taxi_data table
2025-09-28 18:09:40,364 - INFO - Loading https://d37ci6vzurychx.cloudfront.net/trip-data/yellow_tripdata_2015-01.parquet
2025-09-28 18:10:19,796 - INFO - Loading https://d37ci6vzurychx.cloudfront.net/trip-data/yellow_tripdata_2015-02.parquet
2025-09-28 18:10:47,524 - INFO - Loading https://d37ci6vzurychx.cloudfront.net/trip-data/yellow_tripdata_2015-03.parquet
2025-09-28 18:11:14,087 - INFO - Loading https://d37ci6vzurychx.cloudfront.net/trip-data/yellow_tripdata_2015-04.parquet
2025-09-28 18:11:39,846 - INFO - Loading https://d37ci6vzurychx.cloudfront.net/trip-data/yellow_tripdata_2015-05.parquet
2025-09-28 18:12:05,072 - INFO - Loading https://d37ci6vzurychx.cloudfront.net/trip-data/yellow_tripdata_2015-06.parquet
2025-09-28 18:12:32,651 - INFO - Loading https://d37ci6vzurychx.cloudfront.net/trip-data/yellow_tripdata_2015-07.parquet
2025-09-28 18:13:01,272 - INFO - Loading https://d37ci6vzurychx.cloudfront.net/trip-data/yellow_tripdata_2015-08.parquet
2025-09-28 18:13:28,020 - INFO - Loading https://d37ci6vzurychx.cloudfront.net/trip-data/yellow_tripdata_2015-09.parquet
2025-09-28 18:13:53,267 - INFO - Loading https://d37ci6vzurychx.cloudfront.net/trip-data/yellow_tripdata_2015-10.parquet
2025-09-28 18:14:20,101 - INFO - Loading https://d37ci6vzurychx.cloudfront.net/trip-data/yellow_tripdata_2015-11.parquet
2025-09-28 18:14:45,034 - INFO - Loading https://d37ci6vzurychx.cloudfront.net/trip-data/yellow_tripdata_2015-12.parquet
2025-09-28 18:15:10,209 - INFO - Loading https://d37ci6vzurychx.cloudfront.net/trip-data/yellow_tripdata_2016-01.parquet
2025-09-28 18:15:35,973 - INFO - Loading https://d37ci6vzurychx.cloudfront.net/trip-data/yellow_tripdata_2016-02.parquet
2025-09-28 18:16:00,253 - INFO - Loading https://d37ci6vzurychx.cloudfront.net/trip-data/yellow_tripdata_2016-03.parquet
2025-09-28 18:16:25,746 - INFO - Loading https://d37ci6vzurychx.cloudfront.net/trip-data/yellow_tripdata_2016-04.parquet
2025-09-28 18:16:50,438 - INFO - Loading https://d37ci6vzurychx.cloudfront.net/trip-data/yellow_tripdata_2016-05.parquet
2025-09-28 18:17:16,933 - INFO - Loading https://d37ci6vzurychx.cloudfront.net/trip-data/yellow_tripdata_2016-06.parquet
2025-09-28 18:17:42,480 - INFO - Loading https://d37ci6vzurychx.cloudfront.net/trip-data/yellow_tripdata_2016-07.parquet
2025-09-28 18:18:06,256 - INFO - Loading https://d37ci6vzurychx.cloudfront.net/trip-data/yellow_tripdata_2016-08.parquet
2025-09-28 18:18:30,571 - INFO - Loading https://d37ci6vzurychx.cloudfront.net/trip-data/yellow_tripdata_2016-09.parquet
2025-09-28 18:18:57,437 - INFO - Loading https://d37ci6vzurychx.cloudfront.net/trip-data/yellow_tripdata_2016-10.parquet
2025-09-28 18:19:22,751 - INFO - Loading https://d37ci6vzurychx.cloudfront.net/trip-data/yellow_tripdata_2016-11.parquet
2025-09-28 18:19:47,817 - INFO - Loading https://d37ci6vzurychx.cloudfront.net/trip-data/yellow_tripdata_2016-12.parquet
2025-09-28 18:20:12,712 - INFO - Loading https://d37ci6vzurychx.cloudfront.net/trip-data/yellow_tripdata_2017-01.parquet
2025-09-28 18:20:35,250 - INFO - Loading https://d37ci6vzurychx.cloudfront.net/trip-data/yellow_tripdata_2017-02.parquet
2025-09-28 18:20:58,396 - INFO - Loading https://d37ci6vzurychx.cloudfront.net/trip-data/yellow_tripdata_2017-03.parquet
2025-09-28 18:21:22,854 - INFO - Loading https://d37ci6vzurychx.cloudfront.net/trip-data/yellow_tripdata_2017-04.parquet
2025-09-28 18:21:47,904 - INFO - Loading https://d37ci6vzurychx.cloudfront.net/trip-data/yellow_tripdata_2017-05.parquet
2025-09-28 18:22:11,685 - INFO - Loading https://d37ci6vzurychx.cloudfront.net/trip-data/yellow_tripdata_2017-06.parquet
2025-09-28 18:22:34,764 - INFO - Loading https://d37ci6vzurychx.cloudfront.net/trip-data/yellow_tripdata_2017-07.parquet
2025-09-28 18:22:57,543 - INFO - Loading https://d37ci6vzurychx.cloudfront.net/trip-data/yellow_tripdata_2017-08.parquet
2025-09-28 18:23:19,593 - INFO - Loading https://d37ci6vzurychx.cloudfront.net/trip-data/yellow_tripdata_2017-09.parquet
2025-09-28 18:23:42,830 - INFO - Loading https://d37ci6vzurychx.cloudfront.net/trip-data/yellow_tripdata_2017-10.parquet
2025-09-28 18:24:06,145 - INFO - Loading https://d37ci6vzurychx.cloudfront.net/trip-data/yellow_tripdata_2017-11.parquet
2025-09-28 18:24:31,060 - INFO - Loading https://d37ci6vzurychx.cloudfront.net/trip-data/yellow_tripdata_2017-12.parquet
2025-09-28 18:24:53,464 - INFO - Loading https://d37ci6vzurychx.cloudfront.net/trip-data/yellow_tripdata_2018-01.parquet
2025-09-28 18:25:16,676 - INFO - Loading https://d37ci6vzurychx.cloudfront.net/trip-data/yellow_tripdata_2018-02.parquet
2025-09-28 18:25:38,828 - INFO - Loading https://d37ci6vzurychx.cloudfront.net/trip-data/yellow_tripdata_2018-03.parquet
2025-09-28 18:26:02,544 - INFO - Loading https://d37ci6vzurychx.cloudfront.net/trip-data/yellow_tripdata_2018-04.parquet
2025-09-28 18:26:25,086 - INFO - Loading https://d37ci6vzurychx.cloudfront.net/trip-data/yellow_tripdata_2018-05.parquet
2025-09-28 18:26:48,311 - INFO - Loading https://d37ci6vzurychx.cloudfront.net/trip-data/yellow_tripdata_2018-06.parquet
2025-09-28 18:27:10,653 - INFO - Loading https://d37ci6vzurychx.cloudfront.net/trip-data/yellow_tripdata_2018-07.parquet
2025-09-28 18:27:32,374 - INFO - Loading https://d37ci6vzurychx.cloudfront.net/trip-data/yellow_tripdata_2018-08.parquet
2025-09-28 18:27:54,273 - INFO - Loading https://d37ci6vzurychx.cloudfront.net/trip-data/yellow_tripdata_2018-09.parquet
2025-09-28 18:28:16,002 - INFO - Loading https://d37ci6vzurychx.cloudfront.net/trip-data/yellow_tripdata_2018-10.parquet
2025-09-28 18:28:38,754 - INFO - Loading https://d37ci6vzurychx.cloudfront.net/trip-data/yellow_tripdata_2018-11.parquet
2025-09-28 18:29:00,513 - INFO - Loading https://d37ci6vzurychx.cloudfront.net/trip-data/yellow_tripdata_2018-12.parquet
2025-09-28 18:29:22,495 - INFO - Loading https://d37ci6vzurychx.cloudfront.net/trip-data/yellow_tripdata_2019-01.parquet
2025-09-28 18:29:45,248 - INFO - Loading https://d37ci6vzurychx.cloudfront.net/trip-data/yellow_tripdata_2019-02.parquet
2025-09-28 18:30:05,181 - INFO - Loading https://d37ci6vzurychx.cloudfront.net/trip-data/yellow_tripdata_2019-03.parquet
2025-09-28 18:30:33,252 - INFO - Loading https://d37ci6vzurychx.cloudfront.net/trip-data/yellow_tripdata_2019-04.parquet
2025-09-28 18:30:54,969 - INFO - Loading https://d37ci6vzurychx.cloudfront.net/trip-data/yellow_tripdata_2019-05.parquet
2025-09-28 18:31:21,721 - INFO - Loading https://d37ci6vzurychx.cloudfront.net/trip-data/yellow_tripdata_2019-06.parquet
2025-09-28 18:31:43,006 - INFO - Loading https://d37ci6vzurychx.cloudfront.net/trip-data/yellow_tripdata_2019-07.parquet
2025-09-28 18:32:04,483 - INFO - Loading https://d37ci6vzurychx.cloudfront.net/trip-data/yellow_tripdata_2019-08.parquet
2025-09-28 18:32:25,898 - INFO - Loading https://d37ci6vzurychx.cloudfront.net/trip-data/yellow_tripdata_2019-09.parquet
2025-09-28 18:32:48,674 - INFO - Loading https://d37ci6vzurychx.cloudfront.net/trip-data/yellow_tripdata_2019-10.parquet
2025-09-28 18:33:09,933 - INFO - Loading https://d37ci6vzurychx.cloudfront.net/trip-data/yellow_tripdata_2019-11.parquet
2025-09-28 18:33:31,493 - INFO - Loading https://d37ci6vzurychx.cloudfront.net/trip-data/yellow_tripdata_2019-12.parquet
2025-09-28 18:33:53,502 - INFO - Loading https://d37ci6vzurychx.cloudfront.net/trip-data/yellow_tripdata_2020-01.parquet
2025-09-28 18:34:13,670 - INFO - Loading https://d37ci6vzurychx.cloudfront.net/trip-data/yellow_tripdata_2020-02.parquet
2025-09-28 18:34:34,666 - INFO - Loading https://d37ci6vzurychx.cloudfront.net/trip-data/yellow_tripdata_2020-03.parquet
2025-09-28 18:34:53,189 - INFO - Loading https://d37ci6vzurychx.cloudfront.net/trip-data/yellow_tripdata_2020-04.parquet
2025-09-28 18:35:08,183 - INFO - Loading https://d37ci6vzurychx.cloudfront.net/trip-data/yellow_tripdata_2020-05.parquet
2025-09-28 18:35:24,081 - INFO - Loading https://d37ci6vzurychx.cloudfront.net/trip-data/yellow_tripdata_2020-06.parquet
2025-09-28 18:35:39,901 - INFO - Loading https://d37ci6vzurychx.cloudfront.net/trip-data/yellow_tripdata_2020-07.parquet
2025-09-28 18:35:56,401 - INFO - Loading https://d37ci6vzurychx.cloudfront.net/trip-data/yellow_tripdata_2020-08.parquet
2025-09-28 18:36:12,389 - INFO - Loading https://d37ci6vzurychx.cloudfront.net/trip-data/yellow_tripdata_2020-09.parquet
2025-09-28 18:36:29,309 - INFO - Loading https://d37ci6vzurychx.cloudfront.net/trip-data/yellow_tripdata_2020-10.parquet
2025-09-28 18:36:45,985 - INFO - Loading https://d37ci6vzurychx.cloudfront.net/trip-data/yellow_tripdata_2020-11.parquet
2025-09-28 18:37:02,970 - INFO - Loading https://d37ci6vzurychx.cloudfront.net/trip-data/yellow_tripdata_2020-12.parquet
2025-09-28 18:37:19,684 - INFO - Loading https://d37ci6vzurychx.cloudfront.net/trip-data/yellow_tripdata_2021-01.parquet
2025-09-28 18:37:36,712 - INFO - Loading https://d37ci6vzurychx.cloudfront.net/trip-data/yellow_tripdata_2021-02.parquet
2025-09-28 18:37:53,008 - INFO - Loading https://d37ci6vzurychx.cloudfront.net/trip-data/yellow_tripdata_2021-03.parquet
2025-09-28 18:38:10,952 - INFO - Loading https://d37ci6vzurychx.cloudfront.net/trip-data/yellow_tripdata_2021-04.parquet
2025-09-28 18:38:27,879 - INFO - Loading https://d37ci6vzurychx.cloudfront.net/trip-data/yellow_tripdata_2021-05.parquet
2025-09-28 18:38:45,118 - INFO - Loading https://d37ci6vzurychx.cloudfront.net/trip-data/yellow_tripdata_2021-06.parquet
2025-09-28 18:39:03,139 - INFO - Loading https://d37ci6vzurychx.cloudfront.net/trip-data/yellow_tripdata_2021-07.parquet
2025-09-28 18:39:21,180 - INFO - Loading https://d37ci6vzurychx.cloudfront.net/trip-data/yellow_tripdata_2021-08.parquet
2025-09-28 18:39:39,775 - INFO - Loading https://d37ci6vzurychx.cloudfront.net/trip-data/yellow_tripdata_2021-09.parquet
2025-09-28 18:39:57,543 - INFO - Loading https://d37ci6vzurychx.cloudfront.net/trip-data/yellow_tripdata_2021-10.parquet
2025-09-28 18:40:16,383 - INFO - Loading https://d37ci6vzurychx.cloudfront.net/trip-data/yellow_tripdata_2021-11.parquet
2025-09-28 18:40:35,066 - INFO - Loading https://d37ci6vzurychx.cloudfront.net/trip-data/yellow_tripdata_2021-12.parquet
2025-09-28 18:40:53,044 - INFO - Loading https://d37ci6vzurychx.cloudfront.net/trip-data/yellow_tripdata_2022-01.parquet
2025-09-28 18:41:11,106 - INFO - Loading https://d37ci6vzurychx.cloudfront.net/trip-data/yellow_tripdata_2022-02.parquet
2025-09-28 18:41:28,663 - INFO - Loading https://d37ci6vzurychx.cloudfront.net/trip-data/yellow_tripdata_2022-03.parquet
2025-09-28 18:41:47,586 - INFO - Loading https://d37ci6vzurychx.cloudfront.net/trip-data/yellow_tripdata_2022-04.parquet
2025-09-28 18:42:05,552 - INFO - Loading https://d37ci6vzurychx.cloudfront.net/trip-data/yellow_tripdata_2022-05.parquet
2025-09-28 18:42:23,789 - INFO - Loading https://d37ci6vzurychx.cloudfront.net/trip-data/yellow_tripdata_2022-06.parquet
2025-09-28 18:42:42,724 - INFO - Loading https://d37ci6vzurychx.cloudfront.net/trip-data/yellow_tripdata_2022-07.parquet
2025-09-28 18:43:00,633 - INFO - Loading https://d37ci6vzurychx.cloudfront.net/trip-data/yellow_tripdata_2022-08.parquet
2025-09-28 18:43:19,428 - INFO - Loading https://d37ci6vzurychx.cloudfront.net/trip-data/yellow_tripdata_2022-09.parquet
2025-09-28 18:43:37,248 - INFO - Loading https://d37ci6vzurychx.cloudfront.net/trip-data/yellow_tripdata_2022-10.parquet
2025-09-28 18:43:56,291 - INFO - Loading https://d37ci6vzurychx.cloudfront.net/trip-data/yellow_tripdata_2022-11.parquet
2025-09-28 18:44:14,063 - INFO - Loading https://d37ci6vzurychx.cloudfront.net/trip-data/yellow_tripdata_2022-12.parquet
2025-09-28 18:44:31,991 - INFO - Loading https://d37ci6vzurychx.cloudfront.net/trip-data/yellow_tripdata_2023-01.parquet
2025-09-28 18:44:50,460 - INFO - Loading https://d37ci6vzurychx.cloudfront.net/trip-data/yellow_tripdata_2023-02.parquet
2025-09-28 18:45:07,939 - INFO - Loading https://d37ci6vzurychx.cloudfront.net/trip-data/yellow_tripdata_2023-03.parquet
2025-09-28 18:45:27,717 - INFO - Loading https://d37ci6vzurychx.cloudfront.net/trip-data/yellow_tripdata_2023-04.parquet
2025-09-28 18:45:46,463 - INFO - Loading https://d37ci6vzurychx.cloudfront.net/trip-data/yellow_tripdata_2023-05.parquet
2025-09-28 18:46:04,752 - INFO - Loading https://d37ci6vzurychx.cloudfront.net/trip-data/yellow_tripdata_2023-06.parquet
2025-09-28 18:46:23,891 - INFO - Loading https://d37ci6vzurychx.cloudfront.net/trip-data/yellow_tripdata_2023-07.parquet
2025-09-28 18:46:41,966 - INFO - Loading https://d37ci6vzurychx.cloudfront.net/trip-data/yellow_tripdata_2023-08.parquet
2025-09-28 18:46:59,696 - INFO - Loading https://d37ci6vzurychx.cloudfront.net/trip-data/yellow_tripdata_2023-09.parquet
2025-09-28 18:47:18,150 - INFO - Loading https://d37ci6vzurychx.cloudfront.net/trip-data/yellow_tripdata_2023-10.parquet
2025-09-28 18:47:36,277 - INFO - Loading https://d37ci6vzurychx.cloudfront.net/trip-data/yellow_tripdata_2023-11.parquet
2025-09-28 18:47:53,899 - INFO - Loading https://d37ci6vzurychx.cloudfront.net/trip-data/yellow_tripdata_2023-12.parquet
2025-09-28 18:48:11,998 - INFO - Loading https://d37ci6vzurychx.cloudfront.net/trip-data/yellow_tripdata_2024-01.parquet
2025-09-28 18:48:13,354 - ERROR - Error: HTTP Error: HTTP GET error on 'https://d37ci6vzurychx.cloudfront.net/trip-data/yellow_tripdata_2024-01.parquet' (HTTP 403)
2025-09-28 18:48:16,364 - INFO - Closed DuckDB connection
2025-09-28 18:51:54,024 - INFO - Connected to DuckDB for yellow taxi + CSV
2025-09-28 18:51:54,870 - INFO - Created yellow_taxi_data table
2025-09-28 18:51:54,870 - INFO - Loading https://d37ci6vzurychx.cloudfront.net/trip-data/yellow_tripdata_2015-01.parquet
2025-09-28 18:52:29,072 - INFO - Loading https://d37ci6vzurychx.cloudfront.net/trip-data/yellow_tripdata_2015-02.parquet
2025-09-28 18:52:59,190 - INFO - Loading https://d37ci6vzurychx.cloudfront.net/trip-data/yellow_tripdata_2015-03.parquet
2025-09-28 18:53:30,577 - INFO - Loading https://d37ci6vzurychx.cloudfront.net/trip-data/yellow_tripdata_2015-04.parquet
2025-09-28 18:54:02,602 - INFO - Loading https://d37ci6vzurychx.cloudfront.net/trip-data/yellow_tripdata_2015-05.parquet
2025-09-28 18:54:33,076 - INFO - Loading https://d37ci6vzurychx.cloudfront.net/trip-data/yellow_tripdata_2015-06.parquet
2025-09-28 18:55:02,557 - INFO - Loading https://d37ci6vzurychx.cloudfront.net/trip-data/yellow_tripdata_2015-07.parquet
2025-09-28 18:55:32,576 - INFO - Loading https://d37ci6vzurychx.cloudfront.net/trip-data/yellow_tripdata_2015-08.parquet
2025-09-28 18:56:01,256 - INFO - Loading https://d37ci6vzurychx.cloudfront.net/trip-data/yellow_tripdata_2015-09.parquet
2025-09-28 18:56:30,550 - INFO - Loading https://d37ci6vzurychx.cloudfront.net/trip-data/yellow_tripdata_2015-10.parquet
2025-09-28 18:57:01,258 - INFO - Loading https://d37ci6vzurychx.cloudfront.net/trip-data/yellow_tripdata_2015-11.parquet
2025-09-28 18:57:31,405 - INFO - Loading https://d37ci6vzurychx.cloudfront.net/trip-data/yellow_tripdata_2015-12.parquet
2025-09-28 18:58:00,417 - INFO - Loading https://d37ci6vzurychx.cloudfront.net/trip-data/yellow_tripdata_2016-01.parquet
2025-09-28 18:58:30,178 - INFO - Loading https://d37ci6vzurychx.cloudfront.net/trip-data/yellow_tripdata_2016-02.parquet
2025-09-28 18:58:58,487 - INFO - Loading https://d37ci6vzurychx.cloudfront.net/trip-data/yellow_tripdata_2016-03.parquet
2025-09-28 18:59:27,530 - INFO - Loading https://d37ci6vzurychx.cloudfront.net/trip-data/yellow_tripdata_2016-04.parquet
2025-09-28 19:00:00,917 - INFO - Loading https://d37ci6vzurychx.cloudfront.net/trip-data/yellow_tripdata_2016-05.parquet
2025-09-28 19:00:32,420 - INFO - Loading https://d37ci6vzurychx.cloudfront.net/trip-data/yellow_tripdata_2016-06.parquet
2025-09-28 19:01:01,510 - INFO - Loading https://d37ci6vzurychx.cloudfront.net/trip-data/yellow_tripdata_2016-07.parquet
2025-09-28 19:01:29,804 - INFO - Loading https://d37ci6vzurychx.cloudfront.net/trip-data/yellow_tripdata_2016-08.parquet
2025-09-28 19:01:57,713 - INFO - Loading https://d37ci6vzurychx.cloudfront.net/trip-data/yellow_tripdata_2016-09.parquet
2025-09-28 19:02:26,666 - INFO - Loading https://d37ci6vzurychx.cloudfront.net/trip-data/yellow_tripdata_2016-10.parquet
2025-09-28 19:02:55,739 - INFO - Loading https://d37ci6vzurychx.cloudfront.net/trip-data/yellow_tripdata_2016-11.parquet
2025-09-28 19:03:23,558 - INFO - Loading https://d37ci6vzurychx.cloudfront.net/trip-data/yellow_tripdata_2016-12.parquet
2025-09-28 19:03:52,430 - INFO - Loading https://d37ci6vzurychx.cloudfront.net/trip-data/yellow_tripdata_2017-01.parquet
2025-09-28 19:04:20,709 - INFO - Loading https://d37ci6vzurychx.cloudfront.net/trip-data/yellow_tripdata_2017-02.parquet
2025-09-28 19:04:49,948 - INFO - Loading https://d37ci6vzurychx.cloudfront.net/trip-data/yellow_tripdata_2017-03.parquet
2025-09-28 19:05:18,007 - INFO - Loading https://d37ci6vzurychx.cloudfront.net/trip-data/yellow_tripdata_2017-04.parquet
2025-09-28 19:05:47,169 - INFO - Loading https://d37ci6vzurychx.cloudfront.net/trip-data/yellow_tripdata_2017-05.parquet
2025-09-28 19:06:15,522 - INFO - Loading https://d37ci6vzurychx.cloudfront.net/trip-data/yellow_tripdata_2017-06.parquet
2025-09-28 19:06:44,545 - INFO - Loading https://d37ci6vzurychx.cloudfront.net/trip-data/yellow_tripdata_2017-07.parquet
2025-09-28 19:07:11,957 - INFO - Loading https://d37ci6vzurychx.cloudfront.net/trip-data/yellow_tripdata_2017-08.parquet
2025-09-28 19:07:39,597 - INFO - Loading https://d37ci6vzurychx.cloudfront.net/trip-data/yellow_tripdata_2017-09.parquet
2025-09-28 19:08:07,527 - INFO - Loading https://d37ci6vzurychx.cloudfront.net/trip-data/yellow_tripdata_2017-10.parquet
2025-09-28 19:08:36,718 - INFO - Loading https://d37ci6vzurychx.cloudfront.net/trip-data/yellow_tripdata_2017-11.parquet
2025-09-28 19:09:04,479 - INFO - Loading https://d37ci6vzurychx.cloudfront.net/trip-data/yellow_tripdata_2017-12.parquet
2025-09-28 19:09:34,059 - INFO - Loading https://d37ci6vzurychx.cloudfront.net/trip-data/yellow_tripdata_2018-01.parquet
2025-09-28 19:10:04,343 - INFO - Loading https://d37ci6vzurychx.cloudfront.net/trip-data/yellow_tripdata_2018-02.parquet
2025-09-28 19:10:32,921 - INFO - Loading https://d37ci6vzurychx.cloudfront.net/trip-data/yellow_tripdata_2018-03.parquet
2025-09-28 19:11:01,970 - INFO - Loading https://d37ci6vzurychx.cloudfront.net/trip-data/yellow_tripdata_2018-04.parquet
2025-09-28 19:11:31,680 - INFO - Loading https://d37ci6vzurychx.cloudfront.net/trip-data/yellow_tripdata_2018-05.parquet
2025-09-28 19:13:25,859 - INFO - Loading https://d37ci6vzurychx.cloudfront.net/trip-data/yellow_tripdata_2018-06.parquet
2025-09-28 19:14:11,080 - INFO - Loading https://d37ci6vzurychx.cloudfront.net/trip-data/yellow_tripdata_2018-07.parquet
2025-09-28 19:14:40,112 - INFO - Loading https://d37ci6vzurychx.cloudfront.net/trip-data/yellow_tripdata_2018-08.parquet
2025-09-28 19:15:08,694 - INFO - Loading https://d37ci6vzurychx.cloudfront.net/trip-data/yellow_tripdata_2018-09.parquet
2025-09-28 19:15:54,943 - INFO - Loading https://d37ci6vzurychx.cloudfront.net/trip-data/yellow_tripdata_2018-10.parquet
2025-09-28 19:16:22,689 - INFO - Loading https://d37ci6vzurychx.cloudfront.net/trip-data/yellow_tripdata_2018-11.parquet
2025-09-28 19:16:49,528 - INFO - Loading https://d37ci6vzurychx.cloudfront.net/trip-data/yellow_tripdata_2018-12.parquet
2025-09-28 19:17:18,555 - INFO - Loading https://d37ci6vzurychx.cloudfront.net/trip-data/yellow_tripdata_2019-01.parquet
2025-09-28 19:17:45,038 - INFO - Loading https://d37ci6vzurychx.cloudfront.net/trip-data/yellow_tripdata_2019-02.parquet
2025-09-28 19:18:10,400 - INFO - Loading https://d37ci6vzurychx.cloudfront.net/trip-data/yellow_tripdata_2019-03.parquet
2025-09-28 19:18:38,344 - INFO - Loading https://d37ci6vzurychx.cloudfront.net/trip-data/yellow_tripdata_2019-04.parquet
2025-09-28 19:19:06,962 - INFO - Loading https://d37ci6vzurychx.cloudfront.net/trip-data/yellow_tripdata_2019-05.parquet
2025-09-28 19:19:33,758 - INFO - Loading https://d37ci6vzurychx.cloudfront.net/trip-data/yellow_tripdata_2019-06.parquet
2025-09-28 19:19:59,442 - INFO - Loading https://d37ci6vzurychx.cloudfront.net/trip-data/yellow_tripdata_2019-07.parquet
2025-09-28 19:20:28,621 - INFO - Loading https://d37ci6vzurychx.cloudfront.net/trip-data/yellow_tripdata_2019-08.parquet
2025-09-28 19:20:53,601 - INFO - Loading https://d37ci6vzurychx.cloudfront.net/trip-data/yellow_tripdata_2019-09.parquet
2025-09-28 19:21:19,363 - INFO - Loading https://d37ci6vzurychx.cloudfront.net/trip-data/yellow_tripdata_2019-10.parquet
2025-09-28 19:21:45,872 - INFO - Loading https://d37ci6vzurychx.cloudfront.net/trip-data/yellow_tripdata_2019-11.parquet
2025-09-28 19:22:11,618 - INFO - Loading https://d37ci6vzurychx.cloudfront.net/trip-data/yellow_tripdata_2019-12.parquet
2025-09-28 19:22:38,643 - INFO - Loading https://d37ci6vzurychx.cloudfront.net/trip-data/yellow_tripdata_2020-01.parquet
2025-09-28 19:23:04,824 - INFO - Loading https://d37ci6vzurychx.cloudfront.net/trip-data/yellow_tripdata_2020-02.parquet
2025-09-28 19:23:30,557 - INFO - Loading https://d37ci6vzurychx.cloudfront.net/trip-data/yellow_tripdata_2020-03.parquet
2025-09-28 19:23:53,421 - INFO - Loading https://d37ci6vzurychx.cloudfront.net/trip-data/yellow_tripdata_2020-04.parquet
2025-09-28 19:24:14,432 - INFO - Loading https://d37ci6vzurychx.cloudfront.net/trip-data/yellow_tripdata_2020-05.parquet
2025-09-28 19:24:34,503 - INFO - Loading https://d37ci6vzurychx.cloudfront.net/trip-data/yellow_tripdata_2020-06.parquet
2025-09-28 19:24:55,518 - INFO - Loading https://d37ci6vzurychx.cloudfront.net/trip-data/yellow_tripdata_2020-07.parquet
2025-09-28 19:25:22,654 - INFO - Loading https://d37ci6vzurychx.cloudfront.net/trip-data/yellow_tripdata_2020-08.parquet
2025-09-28 19:25:44,693 - INFO - Loading https://d37ci6vzurychx.cloudfront.net/trip-data/yellow_tripdata_2020-09.parquet
2025-09-28 19:26:05,910 - INFO - Loading https://d37ci6vzurychx.cloudfront.net/trip-data/yellow_tripdata_2020-10.parquet
2025-09-28 19:26:27,982 - INFO - Loading https://d37ci6vzurychx.cloudfront.net/trip-data/yellow_tripdata_2020-11.parquet
2025-09-28 19:26:50,075 - INFO - Loading https://d37ci6vzurychx.cloudfront.net/trip-data/yellow_tripdata_2020-12.parquet
2025-09-28 19:27:11,182 - INFO - Loading https://d37ci6vzurychx.cloudfront.net/trip-data/yellow_tripdata_2021-01.parquet
2025-09-28 19:27:32,488 - INFO - Loading https://d37ci6vzurychx.cloudfront.net/trip-data/yellow_tripdata_2021-02.parquet
2025-09-28 19:27:54,558 - INFO - Loading https://d37ci6vzurychx.cloudfront.net/trip-data/yellow_tripdata_2021-03.parquet
2025-09-28 19:28:17,991 - INFO - Loading https://d37ci6vzurychx.cloudfront.net/trip-data/yellow_tripdata_2021-04.parquet
2025-09-28 19:28:40,171 - INFO - Loading https://d37ci6vzurychx.cloudfront.net/trip-data/yellow_tripdata_2021-05.parquet
2025-09-28 19:29:03,250 - INFO - Loading https://d37ci6vzurychx.cloudfront.net/trip-data/yellow_tripdata_2021-06.parquet
2025-09-28 19:29:26,807 - INFO - Loading https://d37ci6vzurychx.cloudfront.net/trip-data/yellow_tripdata_2021-07.parquet
2025-09-28 19:29:49,305 - INFO - Loading https://d37ci6vzurychx.cloudfront.net/trip-data/yellow_tripdata_2021-08.parquet
2025-09-28 19:30:11,502 - INFO - Loading https://d37ci6vzurychx.cloudfront.net/trip-data/yellow_tripdata_2021-09.parquet
2025-09-28 19:30:34,671 - INFO - Loading https://d37ci6vzurychx.cloudfront.net/trip-data/yellow_tripdata_2021-10.parquet
2025-09-28 19:30:59,761 - INFO - Loading https://d37ci6vzurychx.cloudfront.net/trip-data/yellow_tripdata_2021-11.parquet
2025-09-28 19:31:22,659 - INFO - Loading https://d37ci6vzurychx.cloudfront.net/trip-data/yellow_tripdata_2021-12.parquet
2025-09-28 19:31:45,886 - INFO - Loading https://d37ci6vzurychx.cloudfront.net/trip-data/yellow_tripdata_2022-01.parquet
2025-09-28 19:32:07,599 - INFO - Loading https://d37ci6vzurychx.cloudfront.net/trip-data/yellow_tripdata_2022-02.parquet
2025-09-28 19:32:30,923 - INFO - Loading https://d37ci6vzurychx.cloudfront.net/trip-data/yellow_tripdata_2022-03.parquet
2025-09-28 19:32:55,807 - INFO - Loading https://d37ci6vzurychx.cloudfront.net/trip-data/yellow_tripdata_2022-04.parquet
2025-09-28 19:33:18,793 - INFO - Loading https://d37ci6vzurychx.cloudfront.net/trip-data/yellow_tripdata_2022-05.parquet
2025-09-28 19:33:41,982 - INFO - Loading https://d37ci6vzurychx.cloudfront.net/trip-data/yellow_tripdata_2022-06.parquet
2025-09-28 19:34:06,535 - INFO - Loading https://d37ci6vzurychx.cloudfront.net/trip-data/yellow_tripdata_2022-07.parquet
2025-09-28 19:34:29,912 - INFO - Loading https://d37ci6vzurychx.cloudfront.net/trip-data/yellow_tripdata_2022-08.parquet
2025-09-28 19:35:00,405 - INFO - Loading https://d37ci6vzurychx.cloudfront.net/trip-data/yellow_tripdata_2022-09.parquet
2025-09-28 19:35:23,393 - INFO - Loading https://d37ci6vzurychx.cloudfront.net/trip-data/yellow_tripdata_2022-10.parquet
2025-09-28 19:35:47,977 - INFO - Loading https://d37ci6vzurychx.cloudfront.net/trip-data/yellow_tripdata_2022-11.parquet
2025-09-28 19:36:13,952 - INFO - Loading https://d37ci6vzurychx.cloudfront.net/trip-data/yellow_tripdata_2022-12.parquet
2025-09-28 19:36:37,340 - INFO - Loading https://d37ci6vzurychx.cloudfront.net/trip-data/yellow_tripdata_2023-01.parquet
2025-09-28 19:36:59,681 - INFO - Loading https://d37ci6vzurychx.cloudfront.net/trip-data/yellow_tripdata_2023-02.parquet
2025-09-28 19:37:23,188 - INFO - Loading https://d37ci6vzurychx.cloudfront.net/trip-data/yellow_tripdata_2023-03.parquet
2025-09-28 19:37:48,236 - INFO - Loading https://d37ci6vzurychx.cloudfront.net/trip-data/yellow_tripdata_2023-04.parquet
2025-09-28 19:38:11,168 - INFO - Loading https://d37ci6vzurychx.cloudfront.net/trip-data/yellow_tripdata_2023-05.parquet
2025-09-28 19:38:34,533 - INFO - Loading https://d37ci6vzurychx.cloudfront.net/trip-data/yellow_tripdata_2023-06.parquet
2025-09-28 19:38:57,699 - INFO - Loading https://d37ci6vzurychx.cloudfront.net/trip-data/yellow_tripdata_2023-07.parquet
2025-09-28 19:39:21,815 - INFO - Loading https://d37ci6vzurychx.cloudfront.net/trip-data/yellow_tripdata_2023-08.parquet
2025-09-28 19:39:44,086 - INFO - Loading https://d37ci6vzurychx.cloudfront.net/trip-data/yellow_tripdata_2023-09.parquet
2025-09-28 19:40:06,408 - INFO - Loading https://d37ci6vzurychx.cloudfront.net/trip-data/yellow_tripdata_2023-10.parquet
2025-09-28 19:40:28,765 - INFO - Loading https://d37ci6vzurychx.cloudfront.net/trip-data/yellow_tripdata_2023-11.parquet
2025-09-28 19:40:51,718 - INFO - Loading https://d37ci6vzurychx.cloudfront.net/trip-data/yellow_tripdata_2023-12.parquet
2025-09-28 19:41:13,708 - INFO - Loading https://d37ci6vzurychx.cloudfront.net/trip-data/yellow_tripdata_2024-01.parquet
2025-09-28 19:41:35,614 - INFO - Loading https://d37ci6vzurychx.cloudfront.net/trip-data/yellow_tripdata_2024-02.parquet
2025-09-28 19:41:58,373 - INFO - Loading https://d37ci6vzurychx.cloudfront.net/trip-data/yellow_tripdata_2024-03.parquet
2025-09-28 19:41:58,449 - ERROR - Error: HTTP Error: HTTP GET error on 'https://d37ci6vzurychx.cloudfront.net/trip-data/yellow_tripdata_2024-03.parquet' (HTTP 403)
2025-09-28 19:42:02,734 - INFO - Closed DuckDB connection
2025-09-28 19:49:33,676 - INFO - Connected to DuckDB for yellow taxi + CSV
2025-09-28 19:50:09,541 - INFO - Created yellow_taxi_data table
2025-09-28 19:50:09,542 - INFO - Loading https://d37ci6vzurychx.cloudfront.net/trip-data/yellow_tripdata_2015-01.parquet
2025-09-28 19:50:48,524 - INFO - Loading https://d37ci6vzurychx.cloudfront.net/trip-data/yellow_tripdata_2015-02.parquet
2025-09-28 19:51:21,067 - INFO - Loading https://d37ci6vzurychx.cloudfront.net/trip-data/yellow_tripdata_2015-03.parquet
2025-09-28 19:51:54,531 - INFO - Loading https://d37ci6vzurychx.cloudfront.net/trip-data/yellow_tripdata_2015-04.parquet
2025-09-28 19:52:28,060 - INFO - Loading https://d37ci6vzurychx.cloudfront.net/trip-data/yellow_tripdata_2015-05.parquet
2025-09-28 19:53:01,950 - INFO - Loading https://d37ci6vzurychx.cloudfront.net/trip-data/yellow_tripdata_2015-06.parquet
2025-09-28 19:53:35,658 - INFO - Loading https://d37ci6vzurychx.cloudfront.net/trip-data/yellow_tripdata_2015-07.parquet
2025-09-28 19:54:09,583 - INFO - Loading https://d37ci6vzurychx.cloudfront.net/trip-data/yellow_tripdata_2015-08.parquet
2025-09-28 19:54:41,872 - INFO - Loading https://d37ci6vzurychx.cloudfront.net/trip-data/yellow_tripdata_2015-09.parquet
2025-09-28 19:55:14,934 - INFO - Loading https://d37ci6vzurychx.cloudfront.net/trip-data/yellow_tripdata_2015-10.parquet
2025-09-28 19:55:47,627 - INFO - Loading https://d37ci6vzurychx.cloudfront.net/trip-data/yellow_tripdata_2015-11.parquet
2025-09-28 19:56:20,308 - INFO - Loading https://d37ci6vzurychx.cloudfront.net/trip-data/yellow_tripdata_2015-12.parquet
2025-09-28 19:56:53,731 - INFO - Loading https://d37ci6vzurychx.cloudfront.net/trip-data/yellow_tripdata_2016-01.parquet
2025-09-28 19:57:25,712 - INFO - Loading https://d37ci6vzurychx.cloudfront.net/trip-data/yellow_tripdata_2016-02.parquet
2025-09-28 19:57:57,920 - INFO - Loading https://d37ci6vzurychx.cloudfront.net/trip-data/yellow_tripdata_2016-03.parquet
2025-09-28 19:58:30,444 - INFO - Loading https://d37ci6vzurychx.cloudfront.net/trip-data/yellow_tripdata_2016-04.parquet
2025-09-28 19:59:02,413 - INFO - Loading https://d37ci6vzurychx.cloudfront.net/trip-data/yellow_tripdata_2016-05.parquet
2025-09-28 19:59:35,222 - INFO - Loading https://d37ci6vzurychx.cloudfront.net/trip-data/yellow_tripdata_2016-06.parquet
2025-09-28 20:00:07,502 - INFO - Loading https://d37ci6vzurychx.cloudfront.net/trip-data/yellow_tripdata_2016-07.parquet
2025-09-28 20:00:39,365 - INFO - Loading https://d37ci6vzurychx.cloudfront.net/trip-data/yellow_tripdata_2016-08.parquet
2025-09-28 20:01:10,639 - INFO - Loading https://d37ci6vzurychx.cloudfront.net/trip-data/yellow_tripdata_2016-09.parquet
2025-09-28 20:01:41,881 - INFO - Loading https://d37ci6vzurychx.cloudfront.net/trip-data/yellow_tripdata_2016-10.parquet
2025-09-28 20:02:13,678 - INFO - Loading https://d37ci6vzurychx.cloudfront.net/trip-data/yellow_tripdata_2016-11.parquet
2025-09-28 20:02:45,241 - INFO - Loading https://d37ci6vzurychx.cloudfront.net/trip-data/yellow_tripdata_2016-12.parquet
2025-09-28 20:03:16,973 - INFO - Loading https://d37ci6vzurychx.cloudfront.net/trip-data/yellow_tripdata_2017-01.parquet
2025-09-28 20:03:48,532 - INFO - Loading https://d37ci6vzurychx.cloudfront.net/trip-data/yellow_tripdata_2017-02.parquet
2025-09-28 20:04:20,434 - INFO - Loading https://d37ci6vzurychx.cloudfront.net/trip-data/yellow_tripdata_2017-03.parquet
2025-09-28 20:04:54,007 - INFO - Loading https://d37ci6vzurychx.cloudfront.net/trip-data/yellow_tripdata_2017-04.parquet
2025-09-28 20:05:27,393 - INFO - Loading https://d37ci6vzurychx.cloudfront.net/trip-data/yellow_tripdata_2017-05.parquet
2025-09-28 20:06:00,838 - INFO - Loading https://d37ci6vzurychx.cloudfront.net/trip-data/yellow_tripdata_2017-06.parquet
2025-09-28 20:06:32,368 - INFO - Loading https://d37ci6vzurychx.cloudfront.net/trip-data/yellow_tripdata_2017-07.parquet
2025-09-28 20:07:06,162 - INFO - Loading https://d37ci6vzurychx.cloudfront.net/trip-data/yellow_tripdata_2017-08.parquet
2025-09-28 20:07:37,157 - INFO - Loading https://d37ci6vzurychx.cloudfront.net/trip-data/yellow_tripdata_2017-09.parquet
2025-09-28 20:08:10,196 - INFO - Loading https://d37ci6vzurychx.cloudfront.net/trip-data/yellow_tripdata_2017-10.parquet
2025-09-28 20:08:41,843 - INFO - Loading https://d37ci6vzurychx.cloudfront.net/trip-data/yellow_tripdata_2017-11.parquet
2025-09-28 20:09:12,994 - INFO - Loading https://d37ci6vzurychx.cloudfront.net/trip-data/yellow_tripdata_2017-12.parquet
2025-09-28 20:09:44,282 - INFO - Loading https://d37ci6vzurychx.cloudfront.net/trip-data/yellow_tripdata_2018-01.parquet
2025-09-28 20:10:14,594 - INFO - Loading https://d37ci6vzurychx.cloudfront.net/trip-data/yellow_tripdata_2018-02.parquet
2025-09-28 20:10:44,841 - INFO - Loading https://d37ci6vzurychx.cloudfront.net/trip-data/yellow_tripdata_2018-03.parquet
2025-09-28 20:11:17,246 - INFO - Loading https://d37ci6vzurychx.cloudfront.net/trip-data/yellow_tripdata_2018-04.parquet
2025-09-28 20:11:48,932 - INFO - Loading https://d37ci6vzurychx.cloudfront.net/trip-data/yellow_tripdata_2018-05.parquet
2025-09-28 20:12:20,674 - INFO - Loading https://d37ci6vzurychx.cloudfront.net/trip-data/yellow_tripdata_2018-06.parquet
2025-09-28 20:12:53,762 - INFO - Loading https://d37ci6vzurychx.cloudfront.net/trip-data/yellow_tripdata_2018-07.parquet
2025-09-28 20:13:26,039 - INFO - Loading https://d37ci6vzurychx.cloudfront.net/trip-data/yellow_tripdata_2018-08.parquet
2025-09-28 20:13:58,067 - INFO - Loading https://d37ci6vzurychx.cloudfront.net/trip-data/yellow_tripdata_2018-09.parquet
2025-09-28 20:14:30,436 - INFO - Loading https://d37ci6vzurychx.cloudfront.net/trip-data/yellow_tripdata_2018-10.parquet
2025-09-28 20:15:02,736 - INFO - Loading https://d37ci6vzurychx.cloudfront.net/trip-data/yellow_tripdata_2018-11.parquet
2025-09-28 20:15:35,860 - INFO - Loading https://d37ci6vzurychx.cloudfront.net/trip-data/yellow_tripdata_2018-12.parquet
2025-09-28 20:16:07,881 - INFO - Loading https://d37ci6vzurychx.cloudfront.net/trip-data/yellow_tripdata_2019-01.parquet
2025-09-28 20:16:40,088 - INFO - Loading https://d37ci6vzurychx.cloudfront.net/trip-data/yellow_tripdata_2019-02.parquet
2025-09-28 20:17:10,025 - INFO - Loading https://d37ci6vzurychx.cloudfront.net/trip-data/yellow_tripdata_2019-03.parquet
2025-09-28 20:17:42,389 - INFO - Loading https://d37ci6vzurychx.cloudfront.net/trip-data/yellow_tripdata_2019-04.parquet
2025-09-28 20:19:20,242 - INFO - Loading https://d37ci6vzurychx.cloudfront.net/trip-data/yellow_tripdata_2019-05.parquet
2025-09-28 20:19:52,226 - INFO - Loading https://d37ci6vzurychx.cloudfront.net/trip-data/yellow_tripdata_2019-06.parquet
2025-09-28 20:20:24,444 - INFO - Loading https://d37ci6vzurychx.cloudfront.net/trip-data/yellow_tripdata_2019-07.parquet
2025-09-28 20:20:55,762 - INFO - Loading https://d37ci6vzurychx.cloudfront.net/trip-data/yellow_tripdata_2019-08.parquet
2025-09-28 20:21:25,701 - INFO - Loading https://d37ci6vzurychx.cloudfront.net/trip-data/yellow_tripdata_2019-09.parquet
2025-09-28 20:21:56,230 - INFO - Loading https://d37ci6vzurychx.cloudfront.net/trip-data/yellow_tripdata_2019-10.parquet
2025-09-28 20:22:38,720 - INFO - Loading https://d37ci6vzurychx.cloudfront.net/trip-data/yellow_tripdata_2019-11.parquet
2025-09-28 20:23:13,660 - INFO - Loading https://d37ci6vzurychx.cloudfront.net/trip-data/yellow_tripdata_2019-12.parquet
2025-09-28 20:23:44,333 - INFO - Loading https://d37ci6vzurychx.cloudfront.net/trip-data/yellow_tripdata_2020-01.parquet
2025-09-28 20:24:15,777 - INFO - Loading https://d37ci6vzurychx.cloudfront.net/trip-data/yellow_tripdata_2020-02.parquet
2025-09-28 20:24:46,524 - INFO - Loading https://d37ci6vzurychx.cloudfront.net/trip-data/yellow_tripdata_2020-03.parquet
2025-09-28 20:25:14,826 - INFO - Loading https://d37ci6vzurychx.cloudfront.net/trip-data/yellow_tripdata_2020-04.parquet
2025-09-28 20:25:40,270 - INFO - Loading https://d37ci6vzurychx.cloudfront.net/trip-data/yellow_tripdata_2020-05.parquet
2025-09-28 20:26:06,042 - INFO - Loading https://d37ci6vzurychx.cloudfront.net/trip-data/yellow_tripdata_2020-06.parquet
2025-09-28 20:26:33,225 - INFO - Loading https://d37ci6vzurychx.cloudfront.net/trip-data/yellow_tripdata_2020-07.parquet
2025-09-28 20:26:59,346 - INFO - Loading https://d37ci6vzurychx.cloudfront.net/trip-data/yellow_tripdata_2020-08.parquet
2025-09-28 20:27:25,690 - INFO - Loading https://d37ci6vzurychx.cloudfront.net/trip-data/yellow_tripdata_2020-09.parquet
2025-09-28 20:27:52,304 - INFO - Loading https://d37ci6vzurychx.cloudfront.net/trip-data/yellow_tripdata_2020-10.parquet
2025-09-28 20:28:19,330 - INFO - Loading https://d37ci6vzurychx.cloudfront.net/trip-data/yellow_tripdata_2020-11.parquet
2025-09-28 20:28:46,064 - INFO - Loading https://d37ci6vzurychx.cloudfront.net/trip-data/yellow_tripdata_2020-12.parquet
2025-09-28 20:29:12,863 - INFO - Loading https://d37ci6vzurychx.cloudfront.net/trip-data/yellow_tripdata_2021-01.parquet
2025-09-28 20:29:40,603 - INFO - Loading https://d37ci6vzurychx.cloudfront.net/trip-data/yellow_tripdata_2021-02.parquet
2025-09-28 20:30:07,118 - INFO - Loading https://d37ci6vzurychx.cloudfront.net/trip-data/yellow_tripdata_2021-03.parquet
2025-09-28 20:30:33,924 - INFO - Loading https://d37ci6vzurychx.cloudfront.net/trip-data/yellow_tripdata_2021-04.parquet
2025-09-28 20:31:01,174 - INFO - Loading https://d37ci6vzurychx.cloudfront.net/trip-data/yellow_tripdata_2021-05.parquet
2025-09-28 20:31:28,916 - INFO - Loading https://d37ci6vzurychx.cloudfront.net/trip-data/yellow_tripdata_2021-06.parquet
2025-09-28 20:31:57,840 - INFO - Loading https://d37ci6vzurychx.cloudfront.net/trip-data/yellow_tripdata_2021-07.parquet
2025-09-28 20:32:26,385 - INFO - Loading https://d37ci6vzurychx.cloudfront.net/trip-data/yellow_tripdata_2021-08.parquet
2025-09-28 20:32:54,688 - INFO - Loading https://d37ci6vzurychx.cloudfront.net/trip-data/yellow_tripdata_2021-09.parquet
2025-09-28 20:33:22,837 - INFO - Loading https://d37ci6vzurychx.cloudfront.net/trip-data/yellow_tripdata_2021-10.parquet
2025-09-28 20:33:53,691 - INFO - Loading https://d37ci6vzurychx.cloudfront.net/trip-data/yellow_tripdata_2021-11.parquet
2025-09-28 20:34:24,780 - INFO - Loading https://d37ci6vzurychx.cloudfront.net/trip-data/yellow_tripdata_2021-12.parquet
2025-09-28 20:34:54,679 - INFO - Loading https://d37ci6vzurychx.cloudfront.net/trip-data/yellow_tripdata_2022-01.parquet
2025-09-28 20:35:22,245 - INFO - Loading https://d37ci6vzurychx.cloudfront.net/trip-data/yellow_tripdata_2022-02.parquet
2025-09-28 20:35:51,893 - INFO - Loading https://d37ci6vzurychx.cloudfront.net/trip-data/yellow_tripdata_2022-03.parquet
2025-09-28 20:36:21,795 - INFO - Loading https://d37ci6vzurychx.cloudfront.net/trip-data/yellow_tripdata_2022-04.parquet
2025-09-28 20:36:50,811 - INFO - Loading https://d37ci6vzurychx.cloudfront.net/trip-data/yellow_tripdata_2022-05.parquet
2025-09-28 20:37:19,839 - INFO - Loading https://d37ci6vzurychx.cloudfront.net/trip-data/yellow_tripdata_2022-06.parquet
2025-09-28 20:37:50,608 - INFO - Loading https://d37ci6vzurychx.cloudfront.net/trip-data/yellow_tripdata_2022-07.parquet
2025-09-28 20:38:19,760 - INFO - Loading https://d37ci6vzurychx.cloudfront.net/trip-data/yellow_tripdata_2022-08.parquet
2025-09-28 20:38:48,385 - INFO - Loading https://d37ci6vzurychx.cloudfront.net/trip-data/yellow_tripdata_2022-09.parquet
2025-09-28 20:39:17,831 - INFO - Loading https://d37ci6vzurychx.cloudfront.net/trip-data/yellow_tripdata_2022-10.parquet
2025-09-28 20:39:48,557 - INFO - Loading https://d37ci6vzurychx.cloudfront.net/trip-data/yellow_tripdata_2022-11.parquet
2025-09-28 20:40:18,047 - INFO - Loading https://d37ci6vzurychx.cloudfront.net/trip-data/yellow_tripdata_2022-12.parquet
2025-09-28 20:40:47,051 - INFO - Loading https://d37ci6vzurychx.cloudfront.net/trip-data/yellow_tripdata_2023-01.parquet
2025-09-28 20:41:16,931 - INFO - Loading https://d37ci6vzurychx.cloudfront.net/trip-data/yellow_tripdata_2023-02.parquet
2025-09-28 20:41:46,670 - INFO - Loading https://d37ci6vzurychx.cloudfront.net/trip-data/yellow_tripdata_2023-03.parquet
2025-09-28 20:42:23,949 - INFO - Loading https://d37ci6vzurychx.cloudfront.net/trip-data/yellow_tripdata_2023-04.parquet
2025-09-28 20:42:54,400 - INFO - Loading https://d37ci6vzurychx.cloudfront.net/trip-data/yellow_tripdata_2023-05.parquet
2025-09-28 20:43:26,403 - INFO - Loading https://d37ci6vzurychx.cloudfront.net/trip-data/yellow_tripdata_2023-06.parquet
2025-09-28 20:43:55,709 - INFO - Loading https://d37ci6vzurychx.cloudfront.net/trip-data/yellow_tripdata_2023-07.parquet
2025-09-28 20:44:24,560 - INFO - Loading https://d37ci6vzurychx.cloudfront.net/trip-data/yellow_tripdata_2023-08.parquet
2025-09-28 20:44:52,310 - INFO - Loading https://d37ci6vzurychx.cloudfront.net/trip-data/yellow_tripdata_2023-09.parquet
2025-09-28 20:45:20,987 - INFO - Loading https://d37ci6vzurychx.cloudfront.net/trip-data/yellow_tripdata_2023-10.parquet
2025-09-28 20:45:49,878 - INFO - Loading https://d37ci6vzurychx.cloudfront.net/trip-data/yellow_tripdata_2023-11.parquet
2025-09-28 20:46:18,142 - INFO - Loading https://d37ci6vzurychx.cloudfront.net/trip-data/yellow_tripdata_2023-12.parquet
2025-09-28 20:46:46,263 - INFO - Loading https://d37ci6vzurychx.cloudfront.net/trip-data/yellow_tripdata_2024-01.parquet
2025-09-28 20:47:14,383 - INFO - Loading https://d37ci6vzurychx.cloudfront.net/trip-data/yellow_tripdata_2024-02.parquet
2025-09-28 20:47:42,295 - INFO - Loading https://d37ci6vzurychx.cloudfront.net/trip-data/yellow_tripdata_2024-03.parquet
2025-09-28 20:47:43,330 - ERROR - Error: HTTP Error: HTTP GET error on 'https://d37ci6vzurychx.cloudfront.net/trip-data/yellow_tripdata_2024-03.parquet' (HTTP 403)
2025-09-28 20:47:48,048 - INFO - Closed DuckDB connection
2025-09-28 21:15:13,357 - INFO - Connected to DuckDB for yellow taxi + CSV
2025-09-28 21:15:45,443 - INFO - Created yellow_taxi_data table
2025-09-28 21:15:45,443 - INFO - Loading https://d37ci6vzurychx.cloudfront.net/trip-data/yellow_tripdata_2015-01.parquet
2025-09-28 21:16:58,420 - INFO - Loading https://d37ci6vzurychx.cloudfront.net/trip-data/yellow_tripdata_2015-02.parquet
2025-09-28 21:18:06,748 - INFO - Loading https://d37ci6vzurychx.cloudfront.net/trip-data/yellow_tripdata_2015-03.parquet
2025-09-28 21:19:16,544 - INFO - Loading https://d37ci6vzurychx.cloudfront.net/trip-data/yellow_tripdata_2015-04.parquet
2025-09-28 21:20:25,334 - INFO - Loading https://d37ci6vzurychx.cloudfront.net/trip-data/yellow_tripdata_2015-05.parquet
2025-09-28 21:21:34,640 - INFO - Loading https://d37ci6vzurychx.cloudfront.net/trip-data/yellow_tripdata_2015-06.parquet
2025-09-28 21:22:42,480 - INFO - Loading https://d37ci6vzurychx.cloudfront.net/trip-data/yellow_tripdata_2015-07.parquet
2025-09-28 21:23:48,747 - INFO - Loading https://d37ci6vzurychx.cloudfront.net/trip-data/yellow_tripdata_2015-08.parquet
2025-09-28 21:24:56,237 - INFO - Loading https://d37ci6vzurychx.cloudfront.net/trip-data/yellow_tripdata_2015-09.parquet
2025-09-28 21:26:04,342 - INFO - Loading https://d37ci6vzurychx.cloudfront.net/trip-data/yellow_tripdata_2015-10.parquet
2025-09-28 21:27:13,041 - INFO - Loading https://d37ci6vzurychx.cloudfront.net/trip-data/yellow_tripdata_2015-11.parquet
2025-09-28 21:28:21,402 - INFO - Loading https://d37ci6vzurychx.cloudfront.net/trip-data/yellow_tripdata_2015-12.parquet
2025-09-28 21:29:29,918 - INFO - Loading https://d37ci6vzurychx.cloudfront.net/trip-data/yellow_tripdata_2016-01.parquet
2025-09-28 21:30:35,507 - INFO - Loading https://d37ci6vzurychx.cloudfront.net/trip-data/yellow_tripdata_2016-02.parquet
2025-09-28 21:31:41,615 - INFO - Loading https://d37ci6vzurychx.cloudfront.net/trip-data/yellow_tripdata_2016-03.parquet
2025-09-28 21:32:47,853 - INFO - Loading https://d37ci6vzurychx.cloudfront.net/trip-data/yellow_tripdata_2016-04.parquet
2025-09-28 21:33:55,911 - INFO - Loading https://d37ci6vzurychx.cloudfront.net/trip-data/yellow_tripdata_2016-05.parquet
2025-09-28 21:35:08,184 - INFO - Loading https://d37ci6vzurychx.cloudfront.net/trip-data/yellow_tripdata_2016-06.parquet
2025-09-28 21:36:15,772 - INFO - Loading https://d37ci6vzurychx.cloudfront.net/trip-data/yellow_tripdata_2016-07.parquet
2025-09-28 21:37:23,564 - INFO - Loading https://d37ci6vzurychx.cloudfront.net/trip-data/yellow_tripdata_2016-08.parquet
2025-09-28 21:38:29,775 - INFO - Loading https://d37ci6vzurychx.cloudfront.net/trip-data/yellow_tripdata_2016-09.parquet
2025-09-28 21:39:35,168 - INFO - Loading https://d37ci6vzurychx.cloudfront.net/trip-data/yellow_tripdata_2016-10.parquet
2025-09-28 21:40:42,653 - INFO - Loading https://d37ci6vzurychx.cloudfront.net/trip-data/yellow_tripdata_2016-11.parquet
2025-09-28 21:41:49,033 - INFO - Loading https://d37ci6vzurychx.cloudfront.net/trip-data/yellow_tripdata_2016-12.parquet
2025-09-28 21:42:55,606 - INFO - Loading https://d37ci6vzurychx.cloudfront.net/trip-data/yellow_tripdata_2017-01.parquet
2025-09-28 21:44:01,490 - INFO - Loading https://d37ci6vzurychx.cloudfront.net/trip-data/yellow_tripdata_2017-02.parquet
2025-09-28 21:45:05,484 - INFO - Loading https://d37ci6vzurychx.cloudfront.net/trip-data/yellow_tripdata_2017-03.parquet
2025-09-28 21:46:14,313 - INFO - Loading https://d37ci6vzurychx.cloudfront.net/trip-data/yellow_tripdata_2017-04.parquet
2025-09-28 21:47:22,149 - INFO - Loading https://d37ci6vzurychx.cloudfront.net/trip-data/yellow_tripdata_2017-05.parquet
2025-09-28 21:48:30,570 - INFO - Loading https://d37ci6vzurychx.cloudfront.net/trip-data/yellow_tripdata_2017-06.parquet
2025-09-28 21:49:36,719 - INFO - Loading https://d37ci6vzurychx.cloudfront.net/trip-data/yellow_tripdata_2017-07.parquet
2025-09-28 21:50:45,100 - INFO - Loading https://d37ci6vzurychx.cloudfront.net/trip-data/yellow_tripdata_2017-08.parquet
2025-09-28 21:51:50,491 - INFO - Loading https://d37ci6vzurychx.cloudfront.net/trip-data/yellow_tripdata_2017-09.parquet
2025-09-28 21:53:20,886 - INFO - Loading https://d37ci6vzurychx.cloudfront.net/trip-data/yellow_tripdata_2017-10.parquet
2025-09-28 21:54:26,331 - INFO - Loading https://d37ci6vzurychx.cloudfront.net/trip-data/yellow_tripdata_2017-11.parquet
2025-09-28 21:55:33,755 - INFO - Loading https://d37ci6vzurychx.cloudfront.net/trip-data/yellow_tripdata_2017-12.parquet
2025-09-28 21:56:39,742 - INFO - Loading https://d37ci6vzurychx.cloudfront.net/trip-data/yellow_tripdata_2018-01.parquet
2025-09-28 21:57:44,816 - INFO - Loading https://d37ci6vzurychx.cloudfront.net/trip-data/yellow_tripdata_2018-02.parquet
2025-09-28 21:58:50,797 - INFO - Loading https://d37ci6vzurychx.cloudfront.net/trip-data/yellow_tripdata_2018-03.parquet
2025-09-28 21:59:58,233 - INFO - Loading https://d37ci6vzurychx.cloudfront.net/trip-data/yellow_tripdata_2018-04.parquet
2025-09-28 22:01:04,244 - INFO - Loading https://d37ci6vzurychx.cloudfront.net/trip-data/yellow_tripdata_2018-05.parquet
2025-09-28 22:02:09,960 - INFO - Loading https://d37ci6vzurychx.cloudfront.net/trip-data/yellow_tripdata_2018-06.parquet
2025-09-28 22:03:16,794 - INFO - Loading https://d37ci6vzurychx.cloudfront.net/trip-data/yellow_tripdata_2018-07.parquet
2025-09-28 22:04:23,948 - INFO - Loading https://d37ci6vzurychx.cloudfront.net/trip-data/yellow_tripdata_2018-08.parquet
2025-09-28 22:05:31,294 - INFO - Loading https://d37ci6vzurychx.cloudfront.net/trip-data/yellow_tripdata_2018-09.parquet
2025-09-28 22:06:36,950 - INFO - Loading https://d37ci6vzurychx.cloudfront.net/trip-data/yellow_tripdata_2018-10.parquet
2025-09-28 22:07:42,129 - INFO - Loading https://d37ci6vzurychx.cloudfront.net/trip-data/yellow_tripdata_2018-11.parquet
2025-09-28 22:08:46,975 - INFO - Loading https://d37ci6vzurychx.cloudfront.net/trip-data/yellow_tripdata_2018-12.parquet
2025-09-28 22:09:55,233 - INFO - Loading https://d37ci6vzurychx.cloudfront.net/trip-data/yellow_tripdata_2019-01.parquet
2025-09-28 22:11:01,529 - INFO - Loading https://d37ci6vzurychx.cloudfront.net/trip-data/yellow_tripdata_2019-02.parquet
2025-09-28 22:12:07,123 - INFO - Loading https://d37ci6vzurychx.cloudfront.net/trip-data/yellow_tripdata_2019-03.parquet
2025-09-28 22:13:11,815 - INFO - Loading https://d37ci6vzurychx.cloudfront.net/trip-data/yellow_tripdata_2019-04.parquet
2025-09-28 22:14:18,962 - INFO - Loading https://d37ci6vzurychx.cloudfront.net/trip-data/yellow_tripdata_2019-05.parquet
2025-09-28 22:15:26,474 - INFO - Loading https://d37ci6vzurychx.cloudfront.net/trip-data/yellow_tripdata_2019-06.parquet
2025-09-28 22:16:31,517 - INFO - Loading https://d37ci6vzurychx.cloudfront.net/trip-data/yellow_tripdata_2019-07.parquet
2025-09-28 22:17:36,047 - INFO - Loading https://d37ci6vzurychx.cloudfront.net/trip-data/yellow_tripdata_2019-08.parquet
2025-09-28 22:18:40,449 - INFO - Loading https://d37ci6vzurychx.cloudfront.net/trip-data/yellow_tripdata_2019-09.parquet
2025-09-28 22:19:44,914 - INFO - Loading https://d37ci6vzurychx.cloudfront.net/trip-data/yellow_tripdata_2019-10.parquet
2025-09-28 22:20:49,236 - INFO - Loading https://d37ci6vzurychx.cloudfront.net/trip-data/yellow_tripdata_2019-11.parquet
2025-09-28 22:21:54,179 - INFO - Loading https://d37ci6vzurychx.cloudfront.net/trip-data/yellow_tripdata_2019-12.parquet
2025-09-28 22:23:00,894 - INFO - Loading https://d37ci6vzurychx.cloudfront.net/trip-data/yellow_tripdata_2020-01.parquet
2025-09-28 22:24:07,263 - INFO - Loading https://d37ci6vzurychx.cloudfront.net/trip-data/yellow_tripdata_2020-02.parquet
2025-09-28 22:25:10,666 - INFO - Loading https://d37ci6vzurychx.cloudfront.net/trip-data/yellow_tripdata_2020-03.parquet
2025-09-28 22:26:11,499 - INFO - Loading https://d37ci6vzurychx.cloudfront.net/trip-data/yellow_tripdata_2020-04.parquet
2025-09-28 22:27:09,491 - INFO - Loading https://d37ci6vzurychx.cloudfront.net/trip-data/yellow_tripdata_2020-05.parquet
2025-09-28 22:28:07,322 - INFO - Loading https://d37ci6vzurychx.cloudfront.net/trip-data/yellow_tripdata_2020-06.parquet
2025-09-28 22:29:05,771 - INFO - Loading https://d37ci6vzurychx.cloudfront.net/trip-data/yellow_tripdata_2020-07.parquet
2025-09-28 22:30:04,544 - INFO - Loading https://d37ci6vzurychx.cloudfront.net/trip-data/yellow_tripdata_2020-08.parquet
2025-09-28 22:31:03,718 - INFO - Loading https://d37ci6vzurychx.cloudfront.net/trip-data/yellow_tripdata_2020-09.parquet
2025-09-28 22:32:02,869 - INFO - Loading https://d37ci6vzurychx.cloudfront.net/trip-data/yellow_tripdata_2020-10.parquet
2025-09-28 22:33:02,377 - INFO - Loading https://d37ci6vzurychx.cloudfront.net/trip-data/yellow_tripdata_2020-11.parquet
2025-09-28 22:34:01,675 - INFO - Loading https://d37ci6vzurychx.cloudfront.net/trip-data/yellow_tripdata_2020-12.parquet
2025-09-28 22:35:01,971 - INFO - Loading https://d37ci6vzurychx.cloudfront.net/trip-data/yellow_tripdata_2021-01.parquet
2025-09-28 22:36:02,671 - INFO - Loading https://d37ci6vzurychx.cloudfront.net/trip-data/yellow_tripdata_2021-02.parquet
2025-09-28 22:37:02,032 - INFO - Loading https://d37ci6vzurychx.cloudfront.net/trip-data/yellow_tripdata_2021-03.parquet
2025-09-28 22:38:03,207 - INFO - Loading https://d37ci6vzurychx.cloudfront.net/trip-data/yellow_tripdata_2021-04.parquet
2025-09-28 22:39:04,578 - INFO - Loading https://d37ci6vzurychx.cloudfront.net/trip-data/yellow_tripdata_2021-05.parquet
2025-09-28 22:40:06,020 - INFO - Loading https://d37ci6vzurychx.cloudfront.net/trip-data/yellow_tripdata_2021-06.parquet
2025-09-28 22:41:07,661 - INFO - Loading https://d37ci6vzurychx.cloudfront.net/trip-data/yellow_tripdata_2021-07.parquet
2025-09-28 22:42:08,161 - INFO - Loading https://d37ci6vzurychx.cloudfront.net/trip-data/yellow_tripdata_2021-08.parquet
2025-09-28 22:43:10,605 - INFO - Loading https://d37ci6vzurychx.cloudfront.net/trip-data/yellow_tripdata_2021-09.parquet
2025-09-28 22:44:10,738 - INFO - Loading https://d37ci6vzurychx.cloudfront.net/trip-data/yellow_tripdata_2021-10.parquet
2025-09-28 22:45:12,941 - INFO - Loading https://d37ci6vzurychx.cloudfront.net/trip-data/yellow_tripdata_2021-11.parquet
2025-09-28 22:46:14,646 - INFO - Loading https://d37ci6vzurychx.cloudfront.net/trip-data/yellow_tripdata_2021-12.parquet
2025-09-28 22:47:16,626 - INFO - Loading https://d37ci6vzurychx.cloudfront.net/trip-data/yellow_tripdata_2022-01.parquet
2025-09-28 22:48:17,133 - INFO - Loading https://d37ci6vzurychx.cloudfront.net/trip-data/yellow_tripdata_2022-02.parquet
2025-09-28 22:49:19,149 - INFO - Loading https://d37ci6vzurychx.cloudfront.net/trip-data/yellow_tripdata_2022-03.parquet
2025-09-28 22:50:21,481 - INFO - Loading https://d37ci6vzurychx.cloudfront.net/trip-data/yellow_tripdata_2022-04.parquet
2025-09-28 22:51:22,711 - INFO - Loading https://d37ci6vzurychx.cloudfront.net/trip-data/yellow_tripdata_2022-05.parquet
2025-09-28 22:52:23,705 - INFO - Loading https://d37ci6vzurychx.cloudfront.net/trip-data/yellow_tripdata_2022-06.parquet
2025-09-28 22:53:24,686 - INFO - Loading https://d37ci6vzurychx.cloudfront.net/trip-data/yellow_tripdata_2022-07.parquet
2025-09-28 22:54:25,799 - INFO - Loading https://d37ci6vzurychx.cloudfront.net/trip-data/yellow_tripdata_2022-08.parquet
2025-09-28 22:55:27,638 - INFO - Loading https://d37ci6vzurychx.cloudfront.net/trip-data/yellow_tripdata_2022-09.parquet
2025-09-28 22:56:28,013 - INFO - Loading https://d37ci6vzurychx.cloudfront.net/trip-data/yellow_tripdata_2022-10.parquet
2025-09-28 22:57:30,089 - INFO - Loading https://d37ci6vzurychx.cloudfront.net/trip-data/yellow_tripdata_2022-11.parquet
2025-09-28 22:58:30,364 - INFO - Loading https://d37ci6vzurychx.cloudfront.net/trip-data/yellow_tripdata_2022-12.parquet
2025-09-28 22:59:31,099 - INFO - Loading https://d37ci6vzurychx.cloudfront.net/trip-data/yellow_tripdata_2023-01.parquet
2025-09-28 23:00:31,257 - INFO - Loading https://d37ci6vzurychx.cloudfront.net/trip-data/yellow_tripdata_2023-02.parquet
2025-09-28 23:01:32,076 - INFO - Loading https://d37ci6vzurychx.cloudfront.net/trip-data/yellow_tripdata_2023-03.parquet
2025-09-28 23:02:33,172 - INFO - Loading https://d37ci6vzurychx.cloudfront.net/trip-data/yellow_tripdata_2023-04.parquet
2025-09-28 23:03:33,568 - INFO - Loading https://d37ci6vzurychx.cloudfront.net/trip-data/yellow_tripdata_2023-05.parquet
2025-09-28 23:04:34,061 - INFO - Loading https://d37ci6vzurychx.cloudfront.net/trip-data/yellow_tripdata_2023-06.parquet
2025-09-28 23:05:34,133 - INFO - Loading https://d37ci6vzurychx.cloudfront.net/trip-data/yellow_tripdata_2023-07.parquet
2025-09-28 23:06:34,107 - INFO - Loading https://d37ci6vzurychx.cloudfront.net/trip-data/yellow_tripdata_2023-08.parquet
2025-09-28 23:07:33,369 - INFO - Loading https://d37ci6vzurychx.cloudfront.net/trip-data/yellow_tripdata_2023-09.parquet
2025-09-28 23:08:32,923 - INFO - Loading https://d37ci6vzurychx.cloudfront.net/trip-data/yellow_tripdata_2023-10.parquet
2025-09-28 23:09:32,694 - INFO - Loading https://d37ci6vzurychx.cloudfront.net/trip-data/yellow_tripdata_2023-11.parquet
2025-09-28 23:10:32,082 - INFO - Loading https://d37ci6vzurychx.cloudfront.net/trip-data/yellow_tripdata_2023-12.parquet
2025-09-28 23:11:32,003 - INFO - Loading https://d37ci6vzurychx.cloudfront.net/trip-data/yellow_tripdata_2024-01.parquet
2025-09-28 23:12:31,696 - INFO - Loading https://d37ci6vzurychx.cloudfront.net/trip-data/yellow_tripdata_2024-02.parquet
2025-09-28 23:13:30,962 - INFO - Loading https://d37ci6vzurychx.cloudfront.net/trip-data/yellow_tripdata_2024-03.parquet
2025-09-28 23:14:30,824 - INFO - Loading https://d37ci6vzurychx.cloudfront.net/trip-data/yellow_tripdata_2024-04.parquet
2025-09-28 23:15:30,694 - INFO - Loading https://d37ci6vzurychx.cloudfront.net/trip-data/yellow_tripdata_2024-05.parquet
2025-09-28 23:16:30,619 - INFO - Loading https://d37ci6vzurychx.cloudfront.net/trip-data/yellow_tripdata_2024-06.parquet
2025-09-28 23:17:30,233 - INFO - Loading https://d37ci6vzurychx.cloudfront.net/trip-data/yellow_tripdata_2024-07.parquet
2025-09-28 23:18:29,874 - INFO - Loading https://d37ci6vzurychx.cloudfront.net/trip-data/yellow_tripdata_2024-08.parquet
2025-09-28 23:19:30,712 - INFO - Loading https://d37ci6vzurychx.cloudfront.net/trip-data/yellow_tripdata_2024-09.parquet
2025-09-28 23:20:30,658 - INFO - Loading https://d37ci6vzurychx.cloudfront.net/trip-data/yellow_tripdata_2024-10.parquet
2025-09-28 23:21:32,110 - INFO - Loading https://d37ci6vzurychx.cloudfront.net/trip-data/yellow_tripdata_2024-11.parquet
2025-09-28 23:22:31,341 - INFO - Loading https://d37ci6vzurychx.cloudfront.net/trip-data/yellow_tripdata_2024-12.parquet
2025-09-28 23:23:31,675 - INFO - Created vehicle_emissions table
2025-09-28 23:23:31,815 - INFO - Yellow taxi rows loaded: 752738352
2025-09-28 23:23:31,816 - INFO - Vehicle emissions rows loaded: 8
2025-09-28 23:23:35,326 - INFO - Closed DuckDB connection
