2025-09-28 14:00:47,831 - INFO - Connected to DuckDB for green taxi
2025-09-28 14:01:08,796 - INFO - Created green_taxi_data table
2025-09-28 14:01:08,796 - INFO - Loading https://d37ci6vzurychx.cloudfront.net/trip-data/green_tripdata_2015-01.parquet
2025-09-28 14:01:36,509 - INFO - Loading https://d37ci6vzurychx.cloudfront.net/trip-data/green_tripdata_2015-02.parquet
2025-09-28 14:02:03,544 - INFO - Loading https://d37ci6vzurychx.cloudfront.net/trip-data/green_tripdata_2015-03.parquet
2025-09-28 14:02:30,809 - INFO - Loading https://d37ci6vzurychx.cloudfront.net/trip-data/green_tripdata_2015-04.parquet
2025-09-28 14:02:58,612 - INFO - Loading https://d37ci6vzurychx.cloudfront.net/trip-data/green_tripdata_2015-05.parquet
2025-09-28 14:03:25,724 - INFO - Loading https://d37ci6vzurychx.cloudfront.net/trip-data/green_tripdata_2015-06.parquet
2025-09-28 14:03:52,879 - INFO - Loading https://d37ci6vzurychx.cloudfront.net/trip-data/green_tripdata_2015-07.parquet
2025-09-28 14:04:20,149 - INFO - Loading https://d37ci6vzurychx.cloudfront.net/trip-data/green_tripdata_2015-08.parquet
2025-09-28 14:04:47,348 - INFO - Loading https://d37ci6vzurychx.cloudfront.net/trip-data/green_tripdata_2015-09.parquet
2025-09-28 14:05:14,162 - INFO - Loading https://d37ci6vzurychx.cloudfront.net/trip-data/green_tripdata_2015-10.parquet
2025-09-28 14:05:41,323 - INFO - Loading https://d37ci6vzurychx.cloudfront.net/trip-data/green_tripdata_2015-11.parquet
2025-09-28 14:06:08,167 - INFO - Loading https://d37ci6vzurychx.cloudfront.net/trip-data/green_tripdata_2015-12.parquet
2025-09-28 14:06:35,195 - INFO - Loading https://d37ci6vzurychx.cloudfront.net/trip-data/green_tripdata_2016-01.parquet
2025-09-28 14:07:02,384 - INFO - Loading https://d37ci6vzurychx.cloudfront.net/trip-data/green_tripdata_2016-02.parquet
2025-09-28 14:07:29,605 - INFO - Loading https://d37ci6vzurychx.cloudfront.net/trip-data/green_tripdata_2016-03.parquet
2025-09-28 14:07:56,499 - INFO - Loading https://d37ci6vzurychx.cloudfront.net/trip-data/green_tripdata_2016-04.parquet
2025-09-28 14:08:23,600 - INFO - Loading https://d37ci6vzurychx.cloudfront.net/trip-data/green_tripdata_2016-05.parquet
2025-09-28 14:08:50,709 - INFO - Loading https://d37ci6vzurychx.cloudfront.net/trip-data/green_tripdata_2016-06.parquet
2025-09-28 14:09:17,739 - INFO - Loading https://d37ci6vzurychx.cloudfront.net/trip-data/green_tripdata_2016-07.parquet
2025-09-28 14:09:44,600 - INFO - Loading https://d37ci6vzurychx.cloudfront.net/trip-data/green_tripdata_2016-08.parquet
2025-09-28 14:10:11,470 - INFO - Loading https://d37ci6vzurychx.cloudfront.net/trip-data/green_tripdata_2016-09.parquet
2025-09-28 14:10:38,586 - INFO - Loading https://d37ci6vzurychx.cloudfront.net/trip-data/green_tripdata_2016-10.parquet
2025-09-28 14:11:05,413 - INFO - Loading https://d37ci6vzurychx.cloudfront.net/trip-data/green_tripdata_2016-11.parquet
2025-09-28 14:11:32,681 - INFO - Loading https://d37ci6vzurychx.cloudfront.net/trip-data/green_tripdata_2016-12.parquet
2025-09-28 14:11:59,705 - INFO - Loading https://d37ci6vzurychx.cloudfront.net/trip-data/green_tripdata_2017-01.parquet
2025-09-28 14:12:26,423 - INFO - Loading https://d37ci6vzurychx.cloudfront.net/trip-data/green_tripdata_2017-02.parquet
2025-09-28 14:12:53,084 - INFO - Loading https://d37ci6vzurychx.cloudfront.net/trip-data/green_tripdata_2017-03.parquet
2025-09-28 14:13:19,878 - INFO - Loading https://d37ci6vzurychx.cloudfront.net/trip-data/green_tripdata_2017-04.parquet
2025-09-28 14:13:47,222 - INFO - Loading https://d37ci6vzurychx.cloudfront.net/trip-data/green_tripdata_2017-05.parquet
2025-09-28 14:14:14,474 - INFO - Loading https://d37ci6vzurychx.cloudfront.net/trip-data/green_tripdata_2017-06.parquet
2025-09-28 14:14:40,944 - INFO - Loading https://d37ci6vzurychx.cloudfront.net/trip-data/green_tripdata_2017-07.parquet
2025-09-28 14:15:07,364 - INFO - Loading https://d37ci6vzurychx.cloudfront.net/trip-data/green_tripdata_2017-08.parquet
2025-09-28 14:15:33,990 - INFO - Loading https://d37ci6vzurychx.cloudfront.net/trip-data/green_tripdata_2017-09.parquet
2025-09-28 14:16:00,641 - INFO - Loading https://d37ci6vzurychx.cloudfront.net/trip-data/green_tripdata_2017-10.parquet
2025-09-28 14:16:27,654 - INFO - Loading https://d37ci6vzurychx.cloudfront.net/trip-data/green_tripdata_2017-11.parquet
2025-09-28 14:16:54,417 - INFO - Loading https://d37ci6vzurychx.cloudfront.net/trip-data/green_tripdata_2017-12.parquet
2025-09-28 14:17:21,079 - INFO - Loading https://d37ci6vzurychx.cloudfront.net/trip-data/green_tripdata_2018-01.parquet
2025-09-28 14:17:47,822 - INFO - Loading https://d37ci6vzurychx.cloudfront.net/trip-data/green_tripdata_2018-02.parquet
2025-09-28 14:18:14,605 - INFO - Loading https://d37ci6vzurychx.cloudfront.net/trip-data/green_tripdata_2018-03.parquet
2025-09-28 14:18:41,348 - INFO - Loading https://d37ci6vzurychx.cloudfront.net/trip-data/green_tripdata_2018-04.parquet
2025-09-28 14:19:08,072 - INFO - Loading https://d37ci6vzurychx.cloudfront.net/trip-data/green_tripdata_2018-05.parquet
2025-09-28 14:19:34,713 - INFO - Loading https://d37ci6vzurychx.cloudfront.net/trip-data/green_tripdata_2018-06.parquet
2025-09-28 14:20:01,137 - INFO - Loading https://d37ci6vzurychx.cloudfront.net/trip-data/green_tripdata_2018-07.parquet
2025-09-28 14:20:27,605 - INFO - Loading https://d37ci6vzurychx.cloudfront.net/trip-data/green_tripdata_2018-08.parquet
2025-09-28 14:20:54,077 - INFO - Loading https://d37ci6vzurychx.cloudfront.net/trip-data/green_tripdata_2018-09.parquet
2025-09-28 14:21:20,776 - INFO - Loading https://d37ci6vzurychx.cloudfront.net/trip-data/green_tripdata_2018-10.parquet
2025-09-28 14:21:47,436 - INFO - Loading https://d37ci6vzurychx.cloudfront.net/trip-data/green_tripdata_2018-11.parquet
2025-09-28 14:22:13,895 - INFO - Loading https://d37ci6vzurychx.cloudfront.net/trip-data/green_tripdata_2018-12.parquet
2025-09-28 14:22:40,184 - INFO - Loading https://d37ci6vzurychx.cloudfront.net/trip-data/green_tripdata_2019-01.parquet
2025-09-28 14:23:07,662 - INFO - Loading https://d37ci6vzurychx.cloudfront.net/trip-data/green_tripdata_2019-02.parquet
2025-09-28 14:23:34,024 - INFO - Loading https://d37ci6vzurychx.cloudfront.net/trip-data/green_tripdata_2019-03.parquet
2025-09-28 14:24:00,414 - INFO - Loading https://d37ci6vzurychx.cloudfront.net/trip-data/green_tripdata_2019-04.parquet
2025-09-28 14:24:27,575 - INFO - Loading https://d37ci6vzurychx.cloudfront.net/trip-data/green_tripdata_2019-05.parquet
2025-09-28 14:24:53,901 - INFO - Loading https://d37ci6vzurychx.cloudfront.net/trip-data/green_tripdata_2019-06.parquet
2025-09-28 14:25:19,725 - INFO - Loading https://d37ci6vzurychx.cloudfront.net/trip-data/green_tripdata_2019-07.parquet
2025-09-28 14:25:45,490 - INFO - Loading https://d37ci6vzurychx.cloudfront.net/trip-data/green_tripdata_2019-08.parquet
2025-09-28 14:26:11,255 - INFO - Loading https://d37ci6vzurychx.cloudfront.net/trip-data/green_tripdata_2019-09.parquet
2025-09-28 14:26:36,934 - INFO - Loading https://d37ci6vzurychx.cloudfront.net/trip-data/green_tripdata_2019-10.parquet
2025-09-28 14:27:02,702 - INFO - Loading https://d37ci6vzurychx.cloudfront.net/trip-data/green_tripdata_2019-11.parquet
2025-09-28 14:27:28,539 - INFO - Loading https://d37ci6vzurychx.cloudfront.net/trip-data/green_tripdata_2019-12.parquet
2025-09-28 14:27:54,331 - INFO - Loading https://d37ci6vzurychx.cloudfront.net/trip-data/green_tripdata_2020-01.parquet
2025-09-28 14:28:21,109 - INFO - Loading https://d37ci6vzurychx.cloudfront.net/trip-data/green_tripdata_2020-02.parquet
2025-09-28 14:28:46,812 - INFO - Loading https://d37ci6vzurychx.cloudfront.net/trip-data/green_tripdata_2020-03.parquet
2025-09-28 14:29:12,500 - INFO - Loading https://d37ci6vzurychx.cloudfront.net/trip-data/green_tripdata_2020-04.parquet
2025-09-28 14:29:38,125 - INFO - Loading https://d37ci6vzurychx.cloudfront.net/trip-data/green_tripdata_2020-05.parquet
2025-09-28 14:30:03,623 - INFO - Loading https://d37ci6vzurychx.cloudfront.net/trip-data/green_tripdata_2020-06.parquet
2025-09-28 14:30:29,384 - INFO - Loading https://d37ci6vzurychx.cloudfront.net/trip-data/green_tripdata_2020-07.parquet
2025-09-28 14:30:55,045 - INFO - Loading https://d37ci6vzurychx.cloudfront.net/trip-data/green_tripdata_2020-08.parquet
2025-09-28 14:31:20,480 - INFO - Loading https://d37ci6vzurychx.cloudfront.net/trip-data/green_tripdata_2020-09.parquet
2025-09-28 14:31:45,965 - INFO - Loading https://d37ci6vzurychx.cloudfront.net/trip-data/green_tripdata_2020-10.parquet
2025-09-28 14:32:11,883 - INFO - Loading https://d37ci6vzurychx.cloudfront.net/trip-data/green_tripdata_2020-11.parquet
2025-09-28 14:32:37,914 - INFO - Loading https://d37ci6vzurychx.cloudfront.net/trip-data/green_tripdata_2020-12.parquet
2025-09-28 14:33:03,368 - INFO - Loading https://d37ci6vzurychx.cloudfront.net/trip-data/green_tripdata_2021-01.parquet
2025-09-28 14:33:28,798 - INFO - Loading https://d37ci6vzurychx.cloudfront.net/trip-data/green_tripdata_2021-02.parquet
2025-09-28 14:33:54,209 - INFO - Loading https://d37ci6vzurychx.cloudfront.net/trip-data/green_tripdata_2021-03.parquet
2025-09-28 14:34:19,674 - INFO - Loading https://d37ci6vzurychx.cloudfront.net/trip-data/green_tripdata_2021-04.parquet
2025-09-28 14:34:45,115 - INFO - Loading https://d37ci6vzurychx.cloudfront.net/trip-data/green_tripdata_2021-05.parquet
2025-09-28 14:35:10,636 - INFO - Loading https://d37ci6vzurychx.cloudfront.net/trip-data/green_tripdata_2021-06.parquet
2025-09-28 14:35:36,655 - INFO - Loading https://d37ci6vzurychx.cloudfront.net/trip-data/green_tripdata_2021-07.parquet
2025-09-28 14:36:02,136 - INFO - Loading https://d37ci6vzurychx.cloudfront.net/trip-data/green_tripdata_2021-08.parquet
2025-09-28 14:36:27,803 - INFO - Loading https://d37ci6vzurychx.cloudfront.net/trip-data/green_tripdata_2021-09.parquet
2025-09-28 14:36:53,685 - INFO - Loading https://d37ci6vzurychx.cloudfront.net/trip-data/green_tripdata_2021-10.parquet
2025-09-28 14:37:19,241 - INFO - Loading https://d37ci6vzurychx.cloudfront.net/trip-data/green_tripdata_2021-11.parquet
2025-09-28 14:37:44,711 - INFO - Loading https://d37ci6vzurychx.cloudfront.net/trip-data/green_tripdata_2021-12.parquet
2025-09-28 14:38:10,737 - INFO - Loading https://d37ci6vzurychx.cloudfront.net/trip-data/green_tripdata_2022-01.parquet
2025-09-28 14:38:36,181 - INFO - Loading https://d37ci6vzurychx.cloudfront.net/trip-data/green_tripdata_2022-02.parquet
2025-09-28 14:39:01,599 - INFO - Loading https://d37ci6vzurychx.cloudfront.net/trip-data/green_tripdata_2022-03.parquet
2025-09-28 14:39:27,004 - INFO - Loading https://d37ci6vzurychx.cloudfront.net/trip-data/green_tripdata_2022-04.parquet
2025-09-28 14:39:52,425 - INFO - Loading https://d37ci6vzurychx.cloudfront.net/trip-data/green_tripdata_2022-05.parquet
2025-09-28 14:40:18,051 - INFO - Loading https://d37ci6vzurychx.cloudfront.net/trip-data/green_tripdata_2022-06.parquet
2025-09-28 14:40:43,583 - INFO - Loading https://d37ci6vzurychx.cloudfront.net/trip-data/green_tripdata_2022-07.parquet
2025-09-28 14:41:08,592 - INFO - Loading https://d37ci6vzurychx.cloudfront.net/trip-data/green_tripdata_2022-08.parquet
2025-09-28 14:41:34,604 - INFO - Loading https://d37ci6vzurychx.cloudfront.net/trip-data/green_tripdata_2022-09.parquet
2025-09-28 14:42:00,222 - INFO - Loading https://d37ci6vzurychx.cloudfront.net/trip-data/green_tripdata_2022-10.parquet
2025-09-28 14:42:25,290 - INFO - Loading https://d37ci6vzurychx.cloudfront.net/trip-data/green_tripdata_2022-11.parquet
2025-09-28 14:42:50,694 - INFO - Loading https://d37ci6vzurychx.cloudfront.net/trip-data/green_tripdata_2022-12.parquet
2025-09-28 14:43:16,161 - INFO - Loading https://d37ci6vzurychx.cloudfront.net/trip-data/green_tripdata_2023-01.parquet
2025-09-28 14:43:41,676 - INFO - Loading https://d37ci6vzurychx.cloudfront.net/trip-data/green_tripdata_2023-02.parquet
2025-09-28 14:44:07,137 - INFO - Loading https://d37ci6vzurychx.cloudfront.net/trip-data/green_tripdata_2023-03.parquet
2025-09-28 14:44:32,577 - INFO - Loading https://d37ci6vzurychx.cloudfront.net/trip-data/green_tripdata_2023-04.parquet
2025-09-28 14:44:58,598 - INFO - Loading https://d37ci6vzurychx.cloudfront.net/trip-data/green_tripdata_2023-05.parquet
2025-09-28 14:45:24,244 - INFO - Loading https://d37ci6vzurychx.cloudfront.net/trip-data/green_tripdata_2023-06.parquet
2025-09-28 14:45:49,734 - INFO - Loading https://d37ci6vzurychx.cloudfront.net/trip-data/green_tripdata_2023-07.parquet
2025-09-28 14:46:15,157 - INFO - Loading https://d37ci6vzurychx.cloudfront.net/trip-data/green_tripdata_2023-08.parquet
2025-09-28 14:46:40,586 - INFO - Loading https://d37ci6vzurychx.cloudfront.net/trip-data/green_tripdata_2023-09.parquet
2025-09-28 14:47:06,034 - INFO - Loading https://d37ci6vzurychx.cloudfront.net/trip-data/green_tripdata_2023-10.parquet
2025-09-28 14:47:31,447 - INFO - Loading https://d37ci6vzurychx.cloudfront.net/trip-data/green_tripdata_2023-11.parquet
2025-09-28 14:47:56,866 - INFO - Loading https://d37ci6vzurychx.cloudfront.net/trip-data/green_tripdata_2023-12.parquet
2025-09-28 14:48:22,301 - INFO - Loading https://d37ci6vzurychx.cloudfront.net/trip-data/green_tripdata_2024-01.parquet
2025-09-28 14:48:48,414 - INFO - Loading https://d37ci6vzurychx.cloudfront.net/trip-data/green_tripdata_2024-02.parquet
2025-09-28 14:49:14,010 - INFO - Loading https://d37ci6vzurychx.cloudfront.net/trip-data/green_tripdata_2024-03.parquet
2025-09-28 15:00:34,989 - INFO - Loading https://d37ci6vzurychx.cloudfront.net/trip-data/green_tripdata_2024-04.parquet
2025-09-28 15:01:00,420 - INFO - Loading https://d37ci6vzurychx.cloudfront.net/trip-data/green_tripdata_2024-05.parquet
2025-09-28 15:01:25,853 - INFO - Loading https://d37ci6vzurychx.cloudfront.net/trip-data/green_tripdata_2024-06.parquet
2025-09-28 15:01:51,314 - INFO - Loading https://d37ci6vzurychx.cloudfront.net/trip-data/green_tripdata_2024-07.parquet
2025-09-28 15:02:16,788 - INFO - Loading https://d37ci6vzurychx.cloudfront.net/trip-data/green_tripdata_2024-08.parquet
2025-09-28 15:02:42,294 - INFO - Loading https://d37ci6vzurychx.cloudfront.net/trip-data/green_tripdata_2024-09.parquet
2025-09-28 15:03:07,954 - INFO - Loading https://d37ci6vzurychx.cloudfront.net/trip-data/green_tripdata_2024-10.parquet
2025-09-28 15:03:33,424 - INFO - Loading https://d37ci6vzurychx.cloudfront.net/trip-data/green_tripdata_2024-11.parquet
2025-09-28 15:03:59,454 - INFO - Loading https://d37ci6vzurychx.cloudfront.net/trip-data/green_tripdata_2024-12.parquet
2025-09-28 15:04:24,919 - INFO - Green taxi rows loaded: 67645330
2025-09-28 15:04:26,180 - INFO - Closed DuckDB connection
